{"/home/cmjahu-admin/Área de Trabalho/Documentos/NN.exe/Api_Tdd/knexfile.js": {"path":"/home/cmjahu-admin/Área de Trabalho/Documentos/NN.exe/Api_Tdd/knexfile.js","statementMap":{"0":{"start":{"line":5,"column":0},"end":{"line":29,"column":2}}},"fnMap":{},"branchMap":{},"s":{"0":7},"f":{},"b":{},"_coverageSchema":"332fd63041d2c1bcb487cc26dd0d5f7d97098a6c","hash":"99cb82453ca092ef7df105875a3172ec6856794c"}
,"/home/cmjahu-admin/Área de Trabalho/Documentos/NN.exe/Api_Tdd/src/app.js": {"path":"/home/cmjahu-admin/Área de Trabalho/Documentos/NN.exe/Api_Tdd/src/app.js","statementMap":{"0":{"start":{"line":8,"column":12},"end":{"line":8,"column":32}},"1":{"start":{"line":9,"column":16},"end":{"line":9,"column":34}},"2":{"start":{"line":10,"column":13},"end":{"line":10,"column":28}},"3":{"start":{"line":11,"column":17},"end":{"line":11,"column":39}},"4":{"start":{"line":14,"column":0},"end":{"line":14,"column":46}},"5":{"start":{"line":16,"column":0},"end":{"line":22,"column":13}},"6":{"start":{"line":24,"column":0},"end":{"line":26,"column":3}},"7":{"start":{"line":25,"column":2},"end":{"line":25,"column":25}},"8":{"start":{"line":28,"column":0},"end":{"line":37,"column":3}},"9":{"start":{"line":29,"column":35},"end":{"line":29,"column":38}},"10":{"start":{"line":30,"column":2},"end":{"line":35,"column":3}},"11":{"start":{"line":30,"column":34},"end":{"line":30,"column":75}},"12":{"start":{"line":31,"column":7},"end":{"line":35,"column":3}},"13":{"start":{"line":31,"column":44},"end":{"line":31,"column":85}},"14":{"start":{"line":33,"column":4},"end":{"line":33,"column":25}},"15":{"start":{"line":34,"column":4},"end":{"line":34,"column":51}},"16":{"start":{"line":36,"column":2},"end":{"line":36,"column":12}},"17":{"start":{"line":45,"column":0},"end":{"line":45,"column":21}}},"fnMap":{"0":{"name":"(anonymous_0)","decl":{"start":{"line":24,"column":13},"end":{"line":24,"column":14}},"loc":{"start":{"line":24,"column":27},"end":{"line":26,"column":1}},"line":24},"1":{"name":"(anonymous_1)","decl":{"start":{"line":28,"column":8},"end":{"line":28,"column":9}},"loc":{"start":{"line":28,"column":33},"end":{"line":37,"column":1}},"line":28}},"branchMap":{"0":{"loc":{"start":{"line":30,"column":2},"end":{"line":35,"column":3}},"type":"if","locations":[{"start":{"line":30,"column":2},"end":{"line":35,"column":3}},{"start":{"line":30,"column":2},"end":{"line":35,"column":3}}],"line":30},"1":{"loc":{"start":{"line":31,"column":7},"end":{"line":35,"column":3}},"type":"if","locations":[{"start":{"line":31,"column":7},"end":{"line":35,"column":3}},{"start":{"line":31,"column":7},"end":{"line":35,"column":3}}],"line":31}},"s":{"0":7,"1":7,"2":7,"3":7,"4":7,"5":7,"6":7,"7":1,"8":7,"9":34,"10":34,"11":29,"12":5,"13":5,"14":0,"15":0,"16":34,"17":7},"f":{"0":1,"1":34},"b":{"0":[29,5],"1":[5,0]},"_coverageSchema":"332fd63041d2c1bcb487cc26dd0d5f7d97098a6c","hash":"95740cc084b1e870db14f42a62a2299bbf27398c"}
,"/home/cmjahu-admin/Área de Trabalho/Documentos/NN.exe/Api_Tdd/src/config/middlewares.js": {"path":"/home/cmjahu-admin/Área de Trabalho/Documentos/NN.exe/Api_Tdd/src/config/middlewares.js","statementMap":{"0":{"start":{"line":5,"column":19},"end":{"line":5,"column":41}},"1":{"start":{"line":9,"column":0},"end":{"line":12,"column":2}},"2":{"start":{"line":10,"column":2},"end":{"line":10,"column":29}}},"fnMap":{"0":{"name":"(anonymous_0)","decl":{"start":{"line":9,"column":17},"end":{"line":9,"column":18}},"loc":{"start":{"line":9,"column":26},"end":{"line":12,"column":1}},"line":9}},"branchMap":{},"s":{"0":7,"1":7,"2":7},"f":{"0":7},"b":{},"_coverageSchema":"332fd63041d2c1bcb487cc26dd0d5f7d97098a6c","hash":"74e478c08b927817efec7cb4b3d40cb14ac97033"}
,"/home/cmjahu-admin/Área de Trabalho/Documentos/NN.exe/Api_Tdd/src/config/passport.js": {"path":"/home/cmjahu-admin/Área de Trabalho/Documentos/NN.exe/Api_Tdd/src/config/passport.js","statementMap":{"0":{"start":{"line":5,"column":17},"end":{"line":5,"column":36}},"1":{"start":{"line":6,"column":20},"end":{"line":6,"column":43}},"2":{"start":{"line":8,"column":15},"end":{"line":8,"column":25}},"3":{"start":{"line":10,"column":33},"end":{"line":10,"column":44}},"4":{"start":{"line":12,"column":0},"end":{"line":31,"column":1}},"5":{"start":{"line":13,"column":16},"end":{"line":16,"column":2}},"6":{"start":{"line":18,"column":18},"end":{"line":24,"column":3}},"7":{"start":{"line":19,"column":2},"end":{"line":23,"column":36}},"8":{"start":{"line":21,"column":4},"end":{"line":22,"column":26}},"9":{"start":{"line":21,"column":14},"end":{"line":21,"column":40}},"10":{"start":{"line":22,"column":9},"end":{"line":22,"column":26}},"11":{"start":{"line":23,"column":19},"end":{"line":23,"column":35}},"12":{"start":{"line":26,"column":1},"end":{"line":26,"column":23}},"13":{"start":{"line":28,"column":1},"end":{"line":30,"column":2}},"14":{"start":{"line":29,"column":22},"end":{"line":29,"column":70}}},"fnMap":{"0":{"name":"(anonymous_0)","decl":{"start":{"line":12,"column":17},"end":{"line":12,"column":18}},"loc":{"start":{"line":12,"column":26},"end":{"line":31,"column":1}},"line":12},"1":{"name":"(anonymous_1)","decl":{"start":{"line":18,"column":39},"end":{"line":18,"column":40}},"loc":{"start":{"line":18,"column":58},"end":{"line":24,"column":2}},"line":18},"2":{"name":"(anonymous_2)","decl":{"start":{"line":20,"column":9},"end":{"line":20,"column":10}},"loc":{"start":{"line":20,"column":19},"end":{"line":23,"column":4}},"line":20},"3":{"name":"(anonymous_3)","decl":{"start":{"line":23,"column":12},"end":{"line":23,"column":13}},"loc":{"start":{"line":23,"column":19},"end":{"line":23,"column":35}},"line":23},"4":{"name":"(anonymous_4)","decl":{"start":{"line":29,"column":16},"end":{"line":29,"column":17}},"loc":{"start":{"line":29,"column":22},"end":{"line":29,"column":70}},"line":29}},"branchMap":{"0":{"loc":{"start":{"line":21,"column":4},"end":{"line":22,"column":26}},"type":"if","locations":[{"start":{"line":21,"column":4},"end":{"line":22,"column":26}},{"start":{"line":21,"column":4},"end":{"line":22,"column":26}}],"line":21}},"s":{"0":7,"1":7,"2":7,"3":7,"4":7,"5":7,"6":7,"7":71,"8":71,"9":71,"10":0,"11":0,"12":7,"13":7,"14":7},"f":{"0":7,"1":71,"2":71,"3":0,"4":7},"b":{"0":[71,0]},"_coverageSchema":"332fd63041d2c1bcb487cc26dd0d5f7d97098a6c","hash":"801e59a75e14f542a545295f8baeb3dd27176745"}
,"/home/cmjahu-admin/Área de Trabalho/Documentos/NN.exe/Api_Tdd/src/config/router.js": {"path":"/home/cmjahu-admin/Área de Trabalho/Documentos/NN.exe/Api_Tdd/src/config/router.js","statementMap":{"0":{"start":{"line":5,"column":16},"end":{"line":5,"column":34}},"1":{"start":{"line":7,"column":0},"end":{"line":18,"column":1}},"2":{"start":{"line":8,"column":1},"end":{"line":8,"column":34}},"3":{"start":{"line":9,"column":25},"end":{"line":9,"column":41}},"4":{"start":{"line":11,"column":1},"end":{"line":11,"column":48}},"5":{"start":{"line":12,"column":1},"end":{"line":12,"column":54}},"6":{"start":{"line":13,"column":1},"end":{"line":13,"column":62}},"7":{"start":{"line":14,"column":1},"end":{"line":14,"column":56}},"8":{"start":{"line":15,"column":1},"end":{"line":15,"column":52}},"9":{"start":{"line":17,"column":1},"end":{"line":17,"column":68}}},"fnMap":{"0":{"name":"(anonymous_0)","decl":{"start":{"line":7,"column":17},"end":{"line":7,"column":18}},"loc":{"start":{"line":7,"column":26},"end":{"line":18,"column":1}},"line":7}},"branchMap":{},"s":{"0":7,"1":7,"2":7,"3":7,"4":7,"5":7,"6":7,"7":7,"8":7,"9":7},"f":{"0":7},"b":{},"_coverageSchema":"332fd63041d2c1bcb487cc26dd0d5f7d97098a6c","hash":"f512ee61f141f85d12d3766cda8d903f0bd5a1c4"}
,"/home/cmjahu-admin/Área de Trabalho/Documentos/NN.exe/Api_Tdd/src/errors/RecursoIndevidoError.js": {"path":"/home/cmjahu-admin/Área de Trabalho/Documentos/NN.exe/Api_Tdd/src/errors/RecursoIndevidoError.js","statementMap":{"0":{"start":{"line":6,"column":0},"end":{"line":9,"column":1}},"1":{"start":{"line":7,"column":1},"end":{"line":7,"column":35}},"2":{"start":{"line":8,"column":1},"end":{"line":8,"column":23}}},"fnMap":{"0":{"name":"RecursoIndevidoError","decl":{"start":{"line":6,"column":26},"end":{"line":6,"column":46}},"loc":{"start":{"line":6,"column":97},"end":{"line":9,"column":1}},"line":6}},"branchMap":{"0":{"loc":{"start":{"line":6,"column":47},"end":{"line":6,"column":95}},"type":"default-arg","locations":[{"start":{"line":6,"column":57},"end":{"line":6,"column":95}}],"line":6}},"s":{"0":7,"1":5,"2":5},"f":{"0":5},"b":{"0":[5]},"_coverageSchema":"332fd63041d2c1bcb487cc26dd0d5f7d97098a6c","hash":"8c0057266cd096522a9d9b25bb5d35b0a5e4463e"}
,"/home/cmjahu-admin/Área de Trabalho/Documentos/NN.exe/Api_Tdd/src/errors/ValidationError.js": {"path":"/home/cmjahu-admin/Área de Trabalho/Documentos/NN.exe/Api_Tdd/src/errors/ValidationError.js","statementMap":{"0":{"start":{"line":5,"column":0},"end":{"line":8,"column":1}},"1":{"start":{"line":6,"column":1},"end":{"line":6,"column":30}},"2":{"start":{"line":7,"column":1},"end":{"line":7,"column":23}}},"fnMap":{"0":{"name":"ValidationError","decl":{"start":{"line":5,"column":26},"end":{"line":5,"column":41}},"loc":{"start":{"line":5,"column":51},"end":{"line":8,"column":1}},"line":5}},"branchMap":{},"s":{"0":7,"1":29,"2":29},"f":{"0":29},"b":{},"_coverageSchema":"332fd63041d2c1bcb487cc26dd0d5f7d97098a6c","hash":"e94696f3e6cc9d789d707717ff62af6c86bae05b"}
,"/home/cmjahu-admin/Área de Trabalho/Documentos/NN.exe/Api_Tdd/src/migrations/20221214104315_create_users.js": {"path":"/home/cmjahu-admin/Área de Trabalho/Documentos/NN.exe/Api_Tdd/src/migrations/20221214104315_create_users.js","statementMap":{"0":{"start":{"line":6,"column":0},"end":{"line":13,"column":2}},"1":{"start":{"line":7,"column":2},"end":{"line":12,"column":5}},"2":{"start":{"line":8,"column":4},"end":{"line":8,"column":33}},"3":{"start":{"line":9,"column":4},"end":{"line":9,"column":31}},"4":{"start":{"line":10,"column":4},"end":{"line":10,"column":40}},"5":{"start":{"line":11,"column":4},"end":{"line":11,"column":33}},"6":{"start":{"line":15,"column":0},"end":{"line":17,"column":2}},"7":{"start":{"line":16,"column":2},"end":{"line":16,"column":40}}},"fnMap":{"0":{"name":"(anonymous_0)","decl":{"start":{"line":6,"column":13},"end":{"line":6,"column":14}},"loc":{"start":{"line":6,"column":23},"end":{"line":13,"column":1}},"line":6},"1":{"name":"(anonymous_1)","decl":{"start":{"line":7,"column":42},"end":{"line":7,"column":43}},"loc":{"start":{"line":7,"column":48},"end":{"line":12,"column":3}},"line":7},"2":{"name":"(anonymous_2)","decl":{"start":{"line":15,"column":15},"end":{"line":15,"column":16}},"loc":{"start":{"line":15,"column":25},"end":{"line":17,"column":1}},"line":15}},"branchMap":{},"s":{"0":1,"1":1,"2":1,"3":1,"4":1,"5":1,"6":1,"7":1},"f":{"0":1,"1":1,"2":1},"b":{},"_coverageSchema":"332fd63041d2c1bcb487cc26dd0d5f7d97098a6c","hash":"de4ce905452117313eabbc65663e33735e52387d"}
,"/home/cmjahu-admin/Área de Trabalho/Documentos/NN.exe/Api_Tdd/src/migrations/20221216103017_create_table_accounts.js": {"path":"/home/cmjahu-admin/Área de Trabalho/Documentos/NN.exe/Api_Tdd/src/migrations/20221216103017_create_table_accounts.js","statementMap":{"0":{"start":{"line":6,"column":0},"end":{"line":15,"column":2}},"1":{"start":{"line":7,"column":2},"end":{"line":14,"column":5}},"2":{"start":{"line":8,"column":4},"end":{"line":8,"column":33}},"3":{"start":{"line":9,"column":4},"end":{"line":9,"column":31}},"4":{"start":{"line":10,"column":4},"end":{"line":13,"column":17}},"5":{"start":{"line":17,"column":0},"end":{"line":19,"column":2}},"6":{"start":{"line":18,"column":2},"end":{"line":18,"column":43}}},"fnMap":{"0":{"name":"(anonymous_0)","decl":{"start":{"line":6,"column":13},"end":{"line":6,"column":14}},"loc":{"start":{"line":6,"column":23},"end":{"line":15,"column":1}},"line":6},"1":{"name":"(anonymous_1)","decl":{"start":{"line":7,"column":45},"end":{"line":7,"column":46}},"loc":{"start":{"line":7,"column":52},"end":{"line":14,"column":3}},"line":7},"2":{"name":"(anonymous_2)","decl":{"start":{"line":17,"column":15},"end":{"line":17,"column":16}},"loc":{"start":{"line":17,"column":25},"end":{"line":19,"column":1}},"line":17}},"branchMap":{},"s":{"0":1,"1":1,"2":1,"3":1,"4":1,"5":1,"6":1},"f":{"0":1,"1":1,"2":1},"b":{},"_coverageSchema":"332fd63041d2c1bcb487cc26dd0d5f7d97098a6c","hash":"ff94cddf865495c4d8989175b55bef0f0a9686ed"}
,"/home/cmjahu-admin/Área de Trabalho/Documentos/NN.exe/Api_Tdd/src/migrations/20221221104706_create_table_transactions.js": {"path":"/home/cmjahu-admin/Área de Trabalho/Documentos/NN.exe/Api_Tdd/src/migrations/20221221104706_create_table_transactions.js","statementMap":{"0":{"start":{"line":3,"column":0},"end":{"line":16,"column":1}},"1":{"start":{"line":4,"column":1},"end":{"line":15,"column":3}},"2":{"start":{"line":5,"column":2},"end":{"line":5,"column":30}},"3":{"start":{"line":6,"column":2},"end":{"line":6,"column":35}},"4":{"start":{"line":7,"column":2},"end":{"line":7,"column":37}},"5":{"start":{"line":8,"column":2},"end":{"line":8,"column":26}},"6":{"start":{"line":9,"column":2},"end":{"line":9,"column":38}},"7":{"start":{"line":10,"column":2},"end":{"line":10,"column":46}},"8":{"start":{"line":11,"column":2},"end":{"line":14,"column":13}},"9":{"start":{"line":18,"column":0},"end":{"line":20,"column":1}},"10":{"start":{"line":19,"column":1},"end":{"line":19,"column":45}}},"fnMap":{"0":{"name":"(anonymous_0)","decl":{"start":{"line":3,"column":13},"end":{"line":3,"column":14}},"loc":{"start":{"line":3,"column":23},"end":{"line":16,"column":1}},"line":3},"1":{"name":"(anonymous_1)","decl":{"start":{"line":4,"column":48},"end":{"line":4,"column":49}},"loc":{"start":{"line":4,"column":55},"end":{"line":15,"column":2}},"line":4},"2":{"name":"(anonymous_2)","decl":{"start":{"line":18,"column":15},"end":{"line":18,"column":16}},"loc":{"start":{"line":18,"column":25},"end":{"line":20,"column":1}},"line":18}},"branchMap":{},"s":{"0":1,"1":1,"2":1,"3":1,"4":1,"5":1,"6":1,"7":1,"8":1,"9":1,"10":1},"f":{"0":1,"1":1,"2":1},"b":{},"_coverageSchema":"332fd63041d2c1bcb487cc26dd0d5f7d97098a6c","hash":"04d8d572e51524c7ce0cfd0f87ef98493bfc1cb6"}
,"/home/cmjahu-admin/Área de Trabalho/Documentos/NN.exe/Api_Tdd/src/migrations/20221222125337_create_table_transfers.js": {"path":"/home/cmjahu-admin/Área de Trabalho/Documentos/NN.exe/Api_Tdd/src/migrations/20221222125337_create_table_transfers.js","statementMap":{"0":{"start":{"line":3,"column":0},"end":{"line":29,"column":1}},"1":{"start":{"line":4,"column":1},"end":{"line":28,"column":3}},"2":{"start":{"line":6,"column":3},"end":{"line":6,"column":31}},"3":{"start":{"line":7,"column":3},"end":{"line":7,"column":36}},"4":{"start":{"line":8,"column":3},"end":{"line":8,"column":27}},"5":{"start":{"line":9,"column":3},"end":{"line":9,"column":39}},"6":{"start":{"line":10,"column":3},"end":{"line":13,"column":14}},"7":{"start":{"line":14,"column":3},"end":{"line":17,"column":14}},"8":{"start":{"line":18,"column":3},"end":{"line":21,"column":14}},"9":{"start":{"line":24,"column":3},"end":{"line":26,"column":25}},"10":{"start":{"line":31,"column":0},"end":{"line":38,"column":1}},"11":{"start":{"line":32,"column":1},"end":{"line":37,"column":3}},"12":{"start":{"line":34,"column":3},"end":{"line":34,"column":30}}},"fnMap":{"0":{"name":"(anonymous_0)","decl":{"start":{"line":3,"column":13},"end":{"line":3,"column":14}},"loc":{"start":{"line":3,"column":32},"end":{"line":29,"column":1}},"line":3},"1":{"name":"(anonymous_1)","decl":{"start":{"line":5,"column":39},"end":{"line":5,"column":40}},"loc":{"start":{"line":5,"column":46},"end":{"line":22,"column":3}},"line":5},"2":{"name":"(anonymous_2)","decl":{"start":{"line":23,"column":36},"end":{"line":23,"column":37}},"loc":{"start":{"line":23,"column":43},"end":{"line":27,"column":3}},"line":23},"3":{"name":"(anonymous_3)","decl":{"start":{"line":31,"column":15},"end":{"line":31,"column":16}},"loc":{"start":{"line":31,"column":34},"end":{"line":38,"column":1}},"line":31},"4":{"name":"(anonymous_4)","decl":{"start":{"line":33,"column":36},"end":{"line":33,"column":37}},"loc":{"start":{"line":33,"column":43},"end":{"line":35,"column":3}},"line":33}},"branchMap":{},"s":{"0":1,"1":1,"2":1,"3":1,"4":1,"5":1,"6":1,"7":1,"8":1,"9":1,"10":1,"11":1,"12":1},"f":{"0":1,"1":1,"2":1,"3":1,"4":1},"b":{},"_coverageSchema":"332fd63041d2c1bcb487cc26dd0d5f7d97098a6c","hash":"b02ba61c9bfb99ceede22bb53e6462c015013e47"}
,"/home/cmjahu-admin/Área de Trabalho/Documentos/NN.exe/Api_Tdd/src/routes/accounts.js": {"path":"/home/cmjahu-admin/Área de Trabalho/Documentos/NN.exe/Api_Tdd/src/routes/accounts.js","statementMap":{"0":{"start":{"line":4,"column":16},"end":{"line":4,"column":34}},"1":{"start":{"line":6,"column":29},"end":{"line":6,"column":70}},"2":{"start":{"line":8,"column":0},"end":{"line":51,"column":2}},"3":{"start":{"line":9,"column":17},"end":{"line":9,"column":33}},"4":{"start":{"line":11,"column":2},"end":{"line":17,"column":5}},"5":{"start":{"line":12,"column":4},"end":{"line":16,"column":33}},"6":{"start":{"line":14,"column":8},"end":{"line":15,"column":20}},"7":{"start":{"line":14,"column":41},"end":{"line":14,"column":74}},"8":{"start":{"line":15,"column":13},"end":{"line":15,"column":20}},"9":{"start":{"line":16,"column":22},"end":{"line":16,"column":31}},"10":{"start":{"line":19,"column":2},"end":{"line":24,"column":5}},"11":{"start":{"line":20,"column":4},"end":{"line":23,"column":33}},"12":{"start":{"line":22,"column":8},"end":{"line":22,"column":47}},"13":{"start":{"line":23,"column":22},"end":{"line":23,"column":31}},"14":{"start":{"line":26,"column":2},"end":{"line":30,"column":5}},"15":{"start":{"line":27,"column":4},"end":{"line":29,"column":31}},"16":{"start":{"line":28,"column":22},"end":{"line":28,"column":50}},"17":{"start":{"line":29,"column":20},"end":{"line":29,"column":29}},"18":{"start":{"line":32,"column":2},"end":{"line":36,"column":5}},"19":{"start":{"line":33,"column":4},"end":{"line":35,"column":31}},"20":{"start":{"line":34,"column":22},"end":{"line":34,"column":50}},"21":{"start":{"line":35,"column":20},"end":{"line":35,"column":29}},"22":{"start":{"line":38,"column":2},"end":{"line":42,"column":5}},"23":{"start":{"line":39,"column":4},"end":{"line":41,"column":31}},"24":{"start":{"line":40,"column":22},"end":{"line":40,"column":53}},"25":{"start":{"line":41,"column":20},"end":{"line":41,"column":29}},"26":{"start":{"line":44,"column":2},"end":{"line":48,"column":5}},"27":{"start":{"line":45,"column":4},"end":{"line":47,"column":31}},"28":{"start":{"line":46,"column":18},"end":{"line":46,"column":40}},"29":{"start":{"line":47,"column":20},"end":{"line":47,"column":29}},"30":{"start":{"line":50,"column":2},"end":{"line":50,"column":16}}},"fnMap":{"0":{"name":"(anonymous_0)","decl":{"start":{"line":8,"column":17},"end":{"line":8,"column":18}},"loc":{"start":{"line":8,"column":26},"end":{"line":51,"column":1}},"line":8},"1":{"name":"(anonymous_1)","decl":{"start":{"line":11,"column":21},"end":{"line":11,"column":22}},"loc":{"start":{"line":11,"column":41},"end":{"line":17,"column":3}},"line":11},"2":{"name":"(anonymous_2)","decl":{"start":{"line":13,"column":12},"end":{"line":13,"column":13}},"loc":{"start":{"line":13,"column":21},"end":{"line":16,"column":7}},"line":13},"3":{"name":"(anonymous_3)","decl":{"start":{"line":16,"column":15},"end":{"line":16,"column":16}},"loc":{"start":{"line":16,"column":22},"end":{"line":16,"column":31}},"line":16},"4":{"name":"(anonymous_4)","decl":{"start":{"line":19,"column":19},"end":{"line":19,"column":20}},"loc":{"start":{"line":19,"column":39},"end":{"line":24,"column":3}},"line":19},"5":{"name":"(anonymous_5)","decl":{"start":{"line":21,"column":12},"end":{"line":21,"column":13}},"loc":{"start":{"line":21,"column":24},"end":{"line":23,"column":7}},"line":21},"6":{"name":"(anonymous_6)","decl":{"start":{"line":23,"column":15},"end":{"line":23,"column":16}},"loc":{"start":{"line":23,"column":22},"end":{"line":23,"column":31}},"line":23},"7":{"name":"(anonymous_7)","decl":{"start":{"line":26,"column":18},"end":{"line":26,"column":19}},"loc":{"start":{"line":26,"column":38},"end":{"line":30,"column":3}},"line":26},"8":{"name":"(anonymous_8)","decl":{"start":{"line":28,"column":12},"end":{"line":28,"column":13}},"loc":{"start":{"line":28,"column":22},"end":{"line":28,"column":50}},"line":28},"9":{"name":"(anonymous_9)","decl":{"start":{"line":29,"column":13},"end":{"line":29,"column":14}},"loc":{"start":{"line":29,"column":20},"end":{"line":29,"column":29}},"line":29},"10":{"name":"(anonymous_10)","decl":{"start":{"line":32,"column":21},"end":{"line":32,"column":22}},"loc":{"start":{"line":32,"column":41},"end":{"line":36,"column":3}},"line":32},"11":{"name":"(anonymous_11)","decl":{"start":{"line":34,"column":12},"end":{"line":34,"column":13}},"loc":{"start":{"line":34,"column":22},"end":{"line":34,"column":50}},"line":34},"12":{"name":"(anonymous_12)","decl":{"start":{"line":35,"column":13},"end":{"line":35,"column":14}},"loc":{"start":{"line":35,"column":20},"end":{"line":35,"column":29}},"line":35},"13":{"name":"(anonymous_13)","decl":{"start":{"line":38,"column":21},"end":{"line":38,"column":22}},"loc":{"start":{"line":38,"column":41},"end":{"line":42,"column":3}},"line":38},"14":{"name":"(anonymous_14)","decl":{"start":{"line":40,"column":12},"end":{"line":40,"column":13}},"loc":{"start":{"line":40,"column":22},"end":{"line":40,"column":53}},"line":40},"15":{"name":"(anonymous_15)","decl":{"start":{"line":41,"column":13},"end":{"line":41,"column":14}},"loc":{"start":{"line":41,"column":20},"end":{"line":41,"column":29}},"line":41},"16":{"name":"(anonymous_16)","decl":{"start":{"line":44,"column":24},"end":{"line":44,"column":25}},"loc":{"start":{"line":44,"column":44},"end":{"line":48,"column":3}},"line":44},"17":{"name":"(anonymous_17)","decl":{"start":{"line":46,"column":12},"end":{"line":46,"column":13}},"loc":{"start":{"line":46,"column":18},"end":{"line":46,"column":40}},"line":46},"18":{"name":"(anonymous_18)","decl":{"start":{"line":47,"column":13},"end":{"line":47,"column":14}},"loc":{"start":{"line":47,"column":20},"end":{"line":47,"column":29}},"line":47}},"branchMap":{"0":{"loc":{"start":{"line":14,"column":8},"end":{"line":15,"column":20}},"type":"if","locations":[{"start":{"line":14,"column":8},"end":{"line":15,"column":20}},{"start":{"line":14,"column":8},"end":{"line":15,"column":20}}],"line":14}},"s":{"0":7,"1":7,"2":7,"3":7,"4":7,"5":7,"6":7,"7":3,"8":4,"9":3,"10":7,"11":3,"12":1,"13":2,"14":7,"15":1,"16":1,"17":0,"18":7,"19":1,"20":1,"21":0,"22":7,"23":1,"24":1,"25":0,"26":7,"27":2,"28":1,"29":1,"30":7},"f":{"0":7,"1":7,"2":7,"3":3,"4":3,"5":1,"6":2,"7":1,"8":1,"9":0,"10":1,"11":1,"12":0,"13":1,"14":1,"15":0,"16":2,"17":1,"18":1},"b":{"0":[3,4]},"_coverageSchema":"332fd63041d2c1bcb487cc26dd0d5f7d97098a6c","hash":"b809c8af8a0f724300e9e7e6b072e704fe808095"}
,"/home/cmjahu-admin/Área de Trabalho/Documentos/NN.exe/Api_Tdd/src/routes/auth.js": {"path":"/home/cmjahu-admin/Área de Trabalho/Documentos/NN.exe/Api_Tdd/src/routes/auth.js","statementMap":{"0":{"start":{"line":5,"column":16},"end":{"line":5,"column":34}},"1":{"start":{"line":6,"column":12},"end":{"line":6,"column":33}},"2":{"start":{"line":7,"column":15},"end":{"line":7,"column":39}},"3":{"start":{"line":8,"column":24},"end":{"line":8,"column":60}},"4":{"start":{"line":10,"column":15},"end":{"line":10,"column":25}},"5":{"start":{"line":12,"column":0},"end":{"line":41,"column":1}},"6":{"start":{"line":13,"column":16},"end":{"line":13,"column":32}},"7":{"start":{"line":15,"column":1},"end":{"line":29,"column":3}},"8":{"start":{"line":16,"column":2},"end":{"line":28,"column":29}},"9":{"start":{"line":18,"column":4},"end":{"line":18,"column":69}},"10":{"start":{"line":18,"column":15},"end":{"line":18,"column":69}},"11":{"start":{"line":19,"column":4},"end":{"line":27,"column":65}},"12":{"start":{"line":20,"column":21},"end":{"line":24,"column":6}},"13":{"start":{"line":25,"column":19},"end":{"line":25,"column":46}},"14":{"start":{"line":26,"column":5},"end":{"line":26,"column":36}},"15":{"start":{"line":27,"column":11},"end":{"line":27,"column":65}},"16":{"start":{"line":28,"column":19},"end":{"line":28,"column":28}},"17":{"start":{"line":31,"column":1},"end":{"line":38,"column":3}},"18":{"start":{"line":32,"column":2},"end":{"line":37,"column":3}},"19":{"start":{"line":33,"column":18},"end":{"line":33,"column":56}},"20":{"start":{"line":34,"column":3},"end":{"line":34,"column":41}},"21":{"start":{"line":36,"column":3},"end":{"line":36,"column":19}},"22":{"start":{"line":40,"column":1},"end":{"line":40,"column":14}}},"fnMap":{"0":{"name":"(anonymous_0)","decl":{"start":{"line":12,"column":17},"end":{"line":12,"column":18}},"loc":{"start":{"line":12,"column":26},"end":{"line":41,"column":1}},"line":12},"1":{"name":"(anonymous_1)","decl":{"start":{"line":15,"column":24},"end":{"line":15,"column":25}},"loc":{"start":{"line":15,"column":44},"end":{"line":29,"column":2}},"line":15},"2":{"name":"(anonymous_2)","decl":{"start":{"line":17,"column":9},"end":{"line":17,"column":10}},"loc":{"start":{"line":17,"column":19},"end":{"line":28,"column":4}},"line":17},"3":{"name":"(anonymous_3)","decl":{"start":{"line":28,"column":12},"end":{"line":28,"column":13}},"loc":{"start":{"line":28,"column":19},"end":{"line":28,"column":28}},"line":28},"4":{"name":"(anonymous_4)","decl":{"start":{"line":31,"column":24},"end":{"line":31,"column":25}},"loc":{"start":{"line":31,"column":50},"end":{"line":38,"column":2}},"line":31}},"branchMap":{"0":{"loc":{"start":{"line":18,"column":4},"end":{"line":18,"column":69}},"type":"if","locations":[{"start":{"line":18,"column":4},"end":{"line":18,"column":69}},{"start":{"line":18,"column":4},"end":{"line":18,"column":69}}],"line":18},"1":{"loc":{"start":{"line":19,"column":4},"end":{"line":27,"column":65}},"type":"if","locations":[{"start":{"line":19,"column":4},"end":{"line":27,"column":65}},{"start":{"line":19,"column":4},"end":{"line":27,"column":65}}],"line":19}},"s":{"0":7,"1":7,"2":7,"3":7,"4":7,"5":7,"6":7,"7":7,"8":3,"9":3,"10":1,"11":2,"12":1,"13":1,"14":1,"15":1,"16":2,"17":7,"18":1,"19":1,"20":1,"21":0,"22":7},"f":{"0":7,"1":3,"2":3,"3":2,"4":1},"b":{"0":[1,2],"1":[1,1]},"_coverageSchema":"332fd63041d2c1bcb487cc26dd0d5f7d97098a6c","hash":"4c901d72cce475299c6e524fc3fc5cc980cc0b0d"}
,"/home/cmjahu-admin/Área de Trabalho/Documentos/NN.exe/Api_Tdd/src/routes/balance.js": {"path":"/home/cmjahu-admin/Área de Trabalho/Documentos/NN.exe/Api_Tdd/src/routes/balance.js","statementMap":{"0":{"start":{"line":5,"column":16},"end":{"line":5,"column":34}},"1":{"start":{"line":7,"column":0},"end":{"line":17,"column":1}},"2":{"start":{"line":8,"column":16},"end":{"line":8,"column":32}},"3":{"start":{"line":10,"column":1},"end":{"line":14,"column":3}},"4":{"start":{"line":11,"column":2},"end":{"line":13,"column":27}},"5":{"start":{"line":12,"column":19},"end":{"line":12,"column":47}},"6":{"start":{"line":13,"column":17},"end":{"line":13,"column":26}},"7":{"start":{"line":16,"column":1},"end":{"line":16,"column":14}}},"fnMap":{"0":{"name":"(anonymous_0)","decl":{"start":{"line":7,"column":17},"end":{"line":7,"column":18}},"loc":{"start":{"line":7,"column":26},"end":{"line":17,"column":1}},"line":7},"1":{"name":"(anonymous_1)","decl":{"start":{"line":10,"column":17},"end":{"line":10,"column":18}},"loc":{"start":{"line":10,"column":37},"end":{"line":14,"column":2}},"line":10},"2":{"name":"(anonymous_2)","decl":{"start":{"line":12,"column":9},"end":{"line":12,"column":10}},"loc":{"start":{"line":12,"column":19},"end":{"line":12,"column":47}},"line":12},"3":{"name":"(anonymous_3)","decl":{"start":{"line":13,"column":10},"end":{"line":13,"column":11}},"loc":{"start":{"line":13,"column":17},"end":{"line":13,"column":26}},"line":13}},"branchMap":{},"s":{"0":7,"1":7,"2":7,"3":7,"4":10,"5":10,"6":0,"7":7},"f":{"0":7,"1":10,"2":10,"3":0},"b":{},"_coverageSchema":"332fd63041d2c1bcb487cc26dd0d5f7d97098a6c","hash":"f06f9d19efecf38e87996e1137cc3883059ad69b"}
,"/home/cmjahu-admin/Área de Trabalho/Documentos/NN.exe/Api_Tdd/src/routes/transactions.js": {"path":"/home/cmjahu-admin/Área de Trabalho/Documentos/NN.exe/Api_Tdd/src/routes/transactions.js","statementMap":{"0":{"start":{"line":6,"column":16},"end":{"line":6,"column":34}},"1":{"start":{"line":7,"column":29},"end":{"line":7,"column":70}},"2":{"start":{"line":9,"column":0},"end":{"line":51,"column":1}},"3":{"start":{"line":10,"column":16},"end":{"line":10,"column":32}},"4":{"start":{"line":12,"column":1},"end":{"line":18,"column":3}},"5":{"start":{"line":13,"column":2},"end":{"line":17,"column":29}},"6":{"start":{"line":15,"column":4},"end":{"line":16,"column":41}},"7":{"start":{"line":15,"column":27},"end":{"line":15,"column":33}},"8":{"start":{"line":16,"column":9},"end":{"line":16,"column":41}},"9":{"start":{"line":17,"column":19},"end":{"line":17,"column":28}},"10":{"start":{"line":20,"column":1},"end":{"line":24,"column":3}},"11":{"start":{"line":21,"column":2},"end":{"line":23,"column":27}},"12":{"start":{"line":22,"column":19},"end":{"line":22,"column":47}},"13":{"start":{"line":23,"column":17},"end":{"line":23,"column":26}},"14":{"start":{"line":26,"column":1},"end":{"line":30,"column":3}},"15":{"start":{"line":27,"column":2},"end":{"line":29,"column":27}},"16":{"start":{"line":28,"column":19},"end":{"line":28,"column":50}},"17":{"start":{"line":29,"column":17},"end":{"line":29,"column":26}},"18":{"start":{"line":32,"column":1},"end":{"line":36,"column":3}},"19":{"start":{"line":33,"column":2},"end":{"line":35,"column":27}},"20":{"start":{"line":34,"column":19},"end":{"line":34,"column":47}},"21":{"start":{"line":35,"column":17},"end":{"line":35,"column":26}},"22":{"start":{"line":38,"column":1},"end":{"line":42,"column":3}},"23":{"start":{"line":39,"column":2},"end":{"line":41,"column":27}},"24":{"start":{"line":40,"column":19},"end":{"line":40,"column":50}},"25":{"start":{"line":41,"column":17},"end":{"line":41,"column":26}},"26":{"start":{"line":44,"column":1},"end":{"line":48,"column":3}},"27":{"start":{"line":45,"column":2},"end":{"line":47,"column":27}},"28":{"start":{"line":46,"column":19},"end":{"line":46,"column":41}},"29":{"start":{"line":47,"column":17},"end":{"line":47,"column":26}},"30":{"start":{"line":50,"column":1},"end":{"line":50,"column":14}}},"fnMap":{"0":{"name":"(anonymous_0)","decl":{"start":{"line":9,"column":17},"end":{"line":9,"column":18}},"loc":{"start":{"line":9,"column":26},"end":{"line":51,"column":1}},"line":9},"1":{"name":"(anonymous_1)","decl":{"start":{"line":12,"column":20},"end":{"line":12,"column":21}},"loc":{"start":{"line":12,"column":40},"end":{"line":18,"column":2}},"line":12},"2":{"name":"(anonymous_2)","decl":{"start":{"line":14,"column":9},"end":{"line":14,"column":10}},"loc":{"start":{"line":14,"column":21},"end":{"line":17,"column":4}},"line":14},"3":{"name":"(anonymous_3)","decl":{"start":{"line":17,"column":12},"end":{"line":17,"column":13}},"loc":{"start":{"line":17,"column":19},"end":{"line":17,"column":28}},"line":17},"4":{"name":"(anonymous_4)","decl":{"start":{"line":20,"column":17},"end":{"line":20,"column":18}},"loc":{"start":{"line":20,"column":37},"end":{"line":24,"column":2}},"line":20},"5":{"name":"(anonymous_5)","decl":{"start":{"line":22,"column":9},"end":{"line":22,"column":10}},"loc":{"start":{"line":22,"column":19},"end":{"line":22,"column":47}},"line":22},"6":{"name":"(anonymous_6)","decl":{"start":{"line":23,"column":10},"end":{"line":23,"column":11}},"loc":{"start":{"line":23,"column":17},"end":{"line":23,"column":26}},"line":23},"7":{"name":"(anonymous_7)","decl":{"start":{"line":26,"column":18},"end":{"line":26,"column":19}},"loc":{"start":{"line":26,"column":38},"end":{"line":30,"column":2}},"line":26},"8":{"name":"(anonymous_8)","decl":{"start":{"line":28,"column":9},"end":{"line":28,"column":10}},"loc":{"start":{"line":28,"column":19},"end":{"line":28,"column":50}},"line":28},"9":{"name":"(anonymous_9)","decl":{"start":{"line":29,"column":10},"end":{"line":29,"column":11}},"loc":{"start":{"line":29,"column":17},"end":{"line":29,"column":26}},"line":29},"10":{"name":"(anonymous_10)","decl":{"start":{"line":32,"column":20},"end":{"line":32,"column":21}},"loc":{"start":{"line":32,"column":40},"end":{"line":36,"column":2}},"line":32},"11":{"name":"(anonymous_11)","decl":{"start":{"line":34,"column":9},"end":{"line":34,"column":10}},"loc":{"start":{"line":34,"column":19},"end":{"line":34,"column":47}},"line":34},"12":{"name":"(anonymous_12)","decl":{"start":{"line":35,"column":10},"end":{"line":35,"column":11}},"loc":{"start":{"line":35,"column":17},"end":{"line":35,"column":26}},"line":35},"13":{"name":"(anonymous_13)","decl":{"start":{"line":38,"column":20},"end":{"line":38,"column":21}},"loc":{"start":{"line":38,"column":40},"end":{"line":42,"column":2}},"line":38},"14":{"name":"(anonymous_14)","decl":{"start":{"line":40,"column":9},"end":{"line":40,"column":10}},"loc":{"start":{"line":40,"column":19},"end":{"line":40,"column":50}},"line":40},"15":{"name":"(anonymous_15)","decl":{"start":{"line":41,"column":10},"end":{"line":41,"column":11}},"loc":{"start":{"line":41,"column":17},"end":{"line":41,"column":26}},"line":41},"16":{"name":"(anonymous_16)","decl":{"start":{"line":44,"column":23},"end":{"line":44,"column":24}},"loc":{"start":{"line":44,"column":43},"end":{"line":48,"column":2}},"line":44},"17":{"name":"(anonymous_17)","decl":{"start":{"line":46,"column":9},"end":{"line":46,"column":10}},"loc":{"start":{"line":46,"column":19},"end":{"line":46,"column":41}},"line":46},"18":{"name":"(anonymous_18)","decl":{"start":{"line":47,"column":10},"end":{"line":47,"column":11}},"loc":{"start":{"line":47,"column":17},"end":{"line":47,"column":26}},"line":47}},"branchMap":{"0":{"loc":{"start":{"line":15,"column":4},"end":{"line":16,"column":41}},"type":"if","locations":[{"start":{"line":15,"column":4},"end":{"line":16,"column":41}},{"start":{"line":15,"column":4},"end":{"line":16,"column":41}}],"line":15}},"s":{"0":7,"1":7,"2":7,"3":7,"4":7,"5":4,"6":4,"7":3,"8":1,"9":1,"10":7,"11":1,"12":1,"13":0,"14":7,"15":16,"16":10,"17":0,"18":7,"19":1,"20":1,"21":0,"22":7,"23":1,"24":1,"25":0,"26":7,"27":1,"28":1,"29":0,"30":7},"f":{"0":7,"1":4,"2":4,"3":1,"4":1,"5":1,"6":0,"7":16,"8":10,"9":0,"10":1,"11":1,"12":0,"13":1,"14":1,"15":0,"16":1,"17":1,"18":0},"b":{"0":[3,1]},"_coverageSchema":"332fd63041d2c1bcb487cc26dd0d5f7d97098a6c","hash":"dfbeb978dd3ee7df16bbf52e616ad29580255bcd"}
,"/home/cmjahu-admin/Área de Trabalho/Documentos/NN.exe/Api_Tdd/src/routes/transfers.js": {"path":"/home/cmjahu-admin/Área de Trabalho/Documentos/NN.exe/Api_Tdd/src/routes/transfers.js","statementMap":{"0":{"start":{"line":5,"column":16},"end":{"line":5,"column":34}},"1":{"start":{"line":6,"column":29},"end":{"line":6,"column":70}},"2":{"start":{"line":8,"column":0},"end":{"line":57,"column":1}},"3":{"start":{"line":9,"column":16},"end":{"line":9,"column":32}},"4":{"start":{"line":11,"column":1},"end":{"line":17,"column":3}},"5":{"start":{"line":12,"column":2},"end":{"line":16,"column":29}},"6":{"start":{"line":14,"column":4},"end":{"line":14,"column":72}},"7":{"start":{"line":14,"column":40},"end":{"line":14,"column":72}},"8":{"start":{"line":15,"column":4},"end":{"line":15,"column":10}},"9":{"start":{"line":16,"column":19},"end":{"line":16,"column":28}},"10":{"start":{"line":19,"column":18},"end":{"line":23,"column":2}},"11":{"start":{"line":20,"column":2},"end":{"line":22,"column":27}},"12":{"start":{"line":21,"column":15},"end":{"line":21,"column":21}},"13":{"start":{"line":22,"column":17},"end":{"line":22,"column":26}},"14":{"start":{"line":25,"column":1},"end":{"line":29,"column":3}},"15":{"start":{"line":26,"column":2},"end":{"line":28,"column":27}},"16":{"start":{"line":27,"column":19},"end":{"line":27,"column":47}},"17":{"start":{"line":28,"column":17},"end":{"line":28,"column":26}},"18":{"start":{"line":31,"column":1},"end":{"line":36,"column":3}},"19":{"start":{"line":32,"column":19},"end":{"line":32,"column":56}},"20":{"start":{"line":33,"column":2},"end":{"line":35,"column":27}},"21":{"start":{"line":34,"column":19},"end":{"line":34,"column":50}},"22":{"start":{"line":35,"column":17},"end":{"line":35,"column":26}},"23":{"start":{"line":38,"column":1},"end":{"line":42,"column":3}},"24":{"start":{"line":39,"column":2},"end":{"line":41,"column":27}},"25":{"start":{"line":40,"column":19},"end":{"line":40,"column":47}},"26":{"start":{"line":41,"column":17},"end":{"line":41,"column":26}},"27":{"start":{"line":44,"column":1},"end":{"line":48,"column":3}},"28":{"start":{"line":45,"column":2},"end":{"line":47,"column":27}},"29":{"start":{"line":46,"column":19},"end":{"line":46,"column":50}},"30":{"start":{"line":47,"column":17},"end":{"line":47,"column":26}},"31":{"start":{"line":50,"column":1},"end":{"line":54,"column":3}},"32":{"start":{"line":51,"column":2},"end":{"line":53,"column":27}},"33":{"start":{"line":52,"column":15},"end":{"line":52,"column":37}},"34":{"start":{"line":53,"column":17},"end":{"line":53,"column":26}},"35":{"start":{"line":56,"column":1},"end":{"line":56,"column":14}}},"fnMap":{"0":{"name":"(anonymous_0)","decl":{"start":{"line":8,"column":17},"end":{"line":8,"column":18}},"loc":{"start":{"line":8,"column":26},"end":{"line":57,"column":1}},"line":8},"1":{"name":"(anonymous_1)","decl":{"start":{"line":11,"column":20},"end":{"line":11,"column":21}},"loc":{"start":{"line":11,"column":40},"end":{"line":17,"column":2}},"line":11},"2":{"name":"(anonymous_2)","decl":{"start":{"line":13,"column":9},"end":{"line":13,"column":10}},"loc":{"start":{"line":13,"column":21},"end":{"line":16,"column":4}},"line":13},"3":{"name":"(anonymous_3)","decl":{"start":{"line":16,"column":12},"end":{"line":16,"column":13}},"loc":{"start":{"line":16,"column":19},"end":{"line":16,"column":28}},"line":16},"4":{"name":"(anonymous_4)","decl":{"start":{"line":19,"column":18},"end":{"line":19,"column":19}},"loc":{"start":{"line":19,"column":38},"end":{"line":23,"column":2}},"line":19},"5":{"name":"(anonymous_5)","decl":{"start":{"line":21,"column":9},"end":{"line":21,"column":10}},"loc":{"start":{"line":21,"column":15},"end":{"line":21,"column":21}},"line":21},"6":{"name":"(anonymous_6)","decl":{"start":{"line":22,"column":10},"end":{"line":22,"column":11}},"loc":{"start":{"line":22,"column":17},"end":{"line":22,"column":26}},"line":22},"7":{"name":"(anonymous_7)","decl":{"start":{"line":25,"column":17},"end":{"line":25,"column":18}},"loc":{"start":{"line":25,"column":37},"end":{"line":29,"column":2}},"line":25},"8":{"name":"(anonymous_8)","decl":{"start":{"line":27,"column":9},"end":{"line":27,"column":10}},"loc":{"start":{"line":27,"column":19},"end":{"line":27,"column":47}},"line":27},"9":{"name":"(anonymous_9)","decl":{"start":{"line":28,"column":10},"end":{"line":28,"column":11}},"loc":{"start":{"line":28,"column":17},"end":{"line":28,"column":26}},"line":28},"10":{"name":"(anonymous_10)","decl":{"start":{"line":31,"column":28},"end":{"line":31,"column":29}},"loc":{"start":{"line":31,"column":48},"end":{"line":36,"column":2}},"line":31},"11":{"name":"(anonymous_11)","decl":{"start":{"line":34,"column":9},"end":{"line":34,"column":10}},"loc":{"start":{"line":34,"column":19},"end":{"line":34,"column":50}},"line":34},"12":{"name":"(anonymous_12)","decl":{"start":{"line":35,"column":10},"end":{"line":35,"column":11}},"loc":{"start":{"line":35,"column":17},"end":{"line":35,"column":26}},"line":35},"13":{"name":"(anonymous_13)","decl":{"start":{"line":38,"column":20},"end":{"line":38,"column":21}},"loc":{"start":{"line":38,"column":40},"end":{"line":42,"column":2}},"line":38},"14":{"name":"(anonymous_14)","decl":{"start":{"line":40,"column":9},"end":{"line":40,"column":10}},"loc":{"start":{"line":40,"column":19},"end":{"line":40,"column":47}},"line":40},"15":{"name":"(anonymous_15)","decl":{"start":{"line":41,"column":10},"end":{"line":41,"column":11}},"loc":{"start":{"line":41,"column":17},"end":{"line":41,"column":26}},"line":41},"16":{"name":"(anonymous_16)","decl":{"start":{"line":44,"column":30},"end":{"line":44,"column":31}},"loc":{"start":{"line":44,"column":50},"end":{"line":48,"column":2}},"line":44},"17":{"name":"(anonymous_17)","decl":{"start":{"line":46,"column":9},"end":{"line":46,"column":10}},"loc":{"start":{"line":46,"column":19},"end":{"line":46,"column":50}},"line":46},"18":{"name":"(anonymous_18)","decl":{"start":{"line":47,"column":10},"end":{"line":47,"column":11}},"loc":{"start":{"line":47,"column":17},"end":{"line":47,"column":26}},"line":47},"19":{"name":"(anonymous_19)","decl":{"start":{"line":50,"column":23},"end":{"line":50,"column":24}},"loc":{"start":{"line":50,"column":43},"end":{"line":54,"column":2}},"line":50},"20":{"name":"(anonymous_20)","decl":{"start":{"line":52,"column":9},"end":{"line":52,"column":10}},"loc":{"start":{"line":52,"column":15},"end":{"line":52,"column":37}},"line":52},"21":{"name":"(anonymous_21)","decl":{"start":{"line":53,"column":10},"end":{"line":53,"column":11}},"loc":{"start":{"line":53,"column":17},"end":{"line":53,"column":26}},"line":53}},"branchMap":{"0":{"loc":{"start":{"line":14,"column":4},"end":{"line":14,"column":72}},"type":"if","locations":[{"start":{"line":14,"column":4},"end":{"line":14,"column":72}},{"start":{"line":14,"column":4},"end":{"line":14,"column":72}}],"line":14}},"s":{"0":7,"1":7,"2":7,"3":7,"4":7,"5":11,"6":11,"7":1,"8":10,"9":1,"10":7,"11":18,"12":4,"13":14,"14":7,"15":1,"16":1,"17":0,"18":7,"19":3,"20":3,"21":3,"22":0,"23":7,"24":1,"25":1,"26":0,"27":7,"28":1,"29":1,"30":0,"31":7,"32":1,"33":1,"34":0,"35":7},"f":{"0":7,"1":11,"2":11,"3":1,"4":18,"5":4,"6":14,"7":1,"8":1,"9":0,"10":3,"11":3,"12":0,"13":1,"14":1,"15":0,"16":1,"17":1,"18":0,"19":1,"20":1,"21":0},"b":{"0":[1,10]},"_coverageSchema":"332fd63041d2c1bcb487cc26dd0d5f7d97098a6c","hash":"cbcb8169556125d3e6940e878cc94474e2e14293"}
,"/home/cmjahu-admin/Área de Trabalho/Documentos/NN.exe/Api_Tdd/src/routes/users.js": {"path":"/home/cmjahu-admin/Área de Trabalho/Documentos/NN.exe/Api_Tdd/src/routes/users.js","statementMap":{"0":{"start":{"line":6,"column":16},"end":{"line":6,"column":34}},"1":{"start":{"line":8,"column":0},"end":{"line":28,"column":2}},"2":{"start":{"line":9,"column":17},"end":{"line":9,"column":33}},"3":{"start":{"line":11,"column":2},"end":{"line":15,"column":5}},"4":{"start":{"line":12,"column":4},"end":{"line":14,"column":31}},"5":{"start":{"line":13,"column":22},"end":{"line":13,"column":50}},"6":{"start":{"line":14,"column":20},"end":{"line":14,"column":29}},"7":{"start":{"line":17,"column":2},"end":{"line":24,"column":5}},"8":{"start":{"line":18,"column":4},"end":{"line":23,"column":5}},"9":{"start":{"line":19,"column":21},"end":{"line":19,"column":59}},"10":{"start":{"line":20,"column":6},"end":{"line":20,"column":45}},"11":{"start":{"line":22,"column":6},"end":{"line":22,"column":23}},"12":{"start":{"line":26,"column":2},"end":{"line":26,"column":16}}},"fnMap":{"0":{"name":"(anonymous_0)","decl":{"start":{"line":8,"column":17},"end":{"line":8,"column":18}},"loc":{"start":{"line":8,"column":26},"end":{"line":28,"column":1}},"line":8},"1":{"name":"(anonymous_1)","decl":{"start":{"line":11,"column":18},"end":{"line":11,"column":19}},"loc":{"start":{"line":11,"column":38},"end":{"line":15,"column":3}},"line":11},"2":{"name":"(anonymous_2)","decl":{"start":{"line":13,"column":12},"end":{"line":13,"column":13}},"loc":{"start":{"line":13,"column":22},"end":{"line":13,"column":50}},"line":13},"3":{"name":"(anonymous_3)","decl":{"start":{"line":14,"column":13},"end":{"line":14,"column":14}},"loc":{"start":{"line":14,"column":20},"end":{"line":14,"column":29}},"line":14},"4":{"name":"(anonymous_4)","decl":{"start":{"line":17,"column":19},"end":{"line":17,"column":20}},"loc":{"start":{"line":17,"column":45},"end":{"line":24,"column":3}},"line":17}},"branchMap":{},"s":{"0":7,"1":7,"2":7,"3":7,"4":1,"5":1,"6":0,"7":7,"8":6,"9":6,"10":2,"11":4,"12":7},"f":{"0":7,"1":1,"2":1,"3":0,"4":6},"b":{},"_coverageSchema":"332fd63041d2c1bcb487cc26dd0d5f7d97098a6c","hash":"af9b4a472266af7618b15b34b1706ef1a4ea5083"}
,"/home/cmjahu-admin/Área de Trabalho/Documentos/NN.exe/Api_Tdd/src/seeds/01_transfer.js": {"path":"/home/cmjahu-admin/Área de Trabalho/Documentos/NN.exe/Api_Tdd/src/seeds/01_transfer.js","statementMap":{"0":{"start":{"line":3,"column":0},"end":{"line":28,"column":1}},"1":{"start":{"line":4,"column":1},"end":{"line":27,"column":5}},"2":{"start":{"line":5,"column":14},"end":{"line":5,"column":37}},"3":{"start":{"line":6,"column":14},"end":{"line":6,"column":36}},"4":{"start":{"line":7,"column":14},"end":{"line":7,"column":33}},"5":{"start":{"line":8,"column":14},"end":{"line":11,"column":4}},"6":{"start":{"line":12,"column":14},"end":{"line":17,"column":4}},"7":{"start":{"line":18,"column":14},"end":{"line":21,"column":4}},"8":{"start":{"line":22,"column":14},"end":{"line":27,"column":4}}},"fnMap":{"0":{"name":"(anonymous_0)","decl":{"start":{"line":3,"column":15},"end":{"line":3,"column":16}},"loc":{"start":{"line":3,"column":25},"end":{"line":28,"column":1}},"line":3},"1":{"name":"(anonymous_1)","decl":{"start":{"line":5,"column":8},"end":{"line":5,"column":9}},"loc":{"start":{"line":5,"column":14},"end":{"line":5,"column":37}},"line":5},"2":{"name":"(anonymous_2)","decl":{"start":{"line":6,"column":8},"end":{"line":6,"column":9}},"loc":{"start":{"line":6,"column":14},"end":{"line":6,"column":36}},"line":6},"3":{"name":"(anonymous_3)","decl":{"start":{"line":7,"column":8},"end":{"line":7,"column":9}},"loc":{"start":{"line":7,"column":14},"end":{"line":7,"column":33}},"line":7},"4":{"name":"(anonymous_4)","decl":{"start":{"line":8,"column":8},"end":{"line":8,"column":9}},"loc":{"start":{"line":8,"column":14},"end":{"line":11,"column":4}},"line":8},"5":{"name":"(anonymous_5)","decl":{"start":{"line":12,"column":8},"end":{"line":12,"column":9}},"loc":{"start":{"line":12,"column":14},"end":{"line":17,"column":4}},"line":12},"6":{"name":"(anonymous_6)","decl":{"start":{"line":18,"column":8},"end":{"line":18,"column":9}},"loc":{"start":{"line":18,"column":14},"end":{"line":21,"column":4}},"line":18},"7":{"name":"(anonymous_7)","decl":{"start":{"line":22,"column":8},"end":{"line":22,"column":9}},"loc":{"start":{"line":22,"column":14},"end":{"line":27,"column":4}},"line":22}},"branchMap":{},"s":{"0":2,"1":2,"2":2,"3":2,"4":2,"5":2,"6":2,"7":2,"8":2},"f":{"0":2,"1":2,"2":2,"3":2,"4":2,"5":2,"6":2,"7":2},"b":{},"_coverageSchema":"332fd63041d2c1bcb487cc26dd0d5f7d97098a6c","hash":"364bdeb22968cf68b982f4ecbddb93c77d525ae8"}
,"/home/cmjahu-admin/Área de Trabalho/Documentos/NN.exe/Api_Tdd/src/seeds/02_balance.js": {"path":"/home/cmjahu-admin/Área de Trabalho/Documentos/NN.exe/Api_Tdd/src/seeds/02_balance.js","statementMap":{"0":{"start":{"line":2,"column":15},"end":{"line":2,"column":32}},"1":{"start":{"line":5,"column":0},"end":{"line":45,"column":1}},"2":{"start":{"line":6,"column":1},"end":{"line":44,"column":5}},"3":{"start":{"line":11,"column":14},"end":{"line":18,"column":4}},"4":{"start":{"line":19,"column":14},"end":{"line":22,"column":4}},"5":{"start":{"line":23,"column":14},"end":{"line":44,"column":4}}},"fnMap":{"0":{"name":"(anonymous_0)","decl":{"start":{"line":5,"column":15},"end":{"line":5,"column":16}},"loc":{"start":{"line":5,"column":25},"end":{"line":45,"column":1}},"line":5},"1":{"name":"(anonymous_1)","decl":{"start":{"line":11,"column":8},"end":{"line":11,"column":9}},"loc":{"start":{"line":11,"column":14},"end":{"line":18,"column":4}},"line":11},"2":{"name":"(anonymous_2)","decl":{"start":{"line":19,"column":8},"end":{"line":19,"column":9}},"loc":{"start":{"line":19,"column":14},"end":{"line":22,"column":4}},"line":19},"3":{"name":"(anonymous_3)","decl":{"start":{"line":23,"column":8},"end":{"line":23,"column":9}},"loc":{"start":{"line":23,"column":14},"end":{"line":44,"column":4}},"line":23}},"branchMap":{},"s":{"0":2,"1":2,"2":2,"3":2,"4":2,"5":2},"f":{"0":2,"1":2,"2":2,"3":2},"b":{},"_coverageSchema":"332fd63041d2c1bcb487cc26dd0d5f7d97098a6c","hash":"ff98eee5a8a0eeb56e74c129fb5b140dfa87feab"}
,"/home/cmjahu-admin/Área de Trabalho/Documentos/NN.exe/Api_Tdd/src/services/account.js": {"path":"/home/cmjahu-admin/Área de Trabalho/Documentos/NN.exe/Api_Tdd/src/services/account.js","statementMap":{"0":{"start":{"line":5,"column":24},"end":{"line":5,"column":60}},"1":{"start":{"line":7,"column":0},"end":{"line":41,"column":2}},"2":{"start":{"line":8,"column":18},"end":{"line":10,"column":3}},"3":{"start":{"line":9,"column":4},"end":{"line":9,"column":57}},"4":{"start":{"line":12,"column":15},"end":{"line":14,"column":3}},"5":{"start":{"line":13,"column":4},"end":{"line":13,"column":52}},"6":{"start":{"line":16,"column":15},"end":{"line":23,"column":3}},"7":{"start":{"line":17,"column":4},"end":{"line":17,"column":83}},"8":{"start":{"line":17,"column":23},"end":{"line":17,"column":83}},"9":{"start":{"line":19,"column":18},"end":{"line":19,"column":78}},"10":{"start":{"line":20,"column":4},"end":{"line":20,"column":78}},"11":{"start":{"line":20,"column":15},"end":{"line":20,"column":78}},"12":{"start":{"line":22,"column":4},"end":{"line":22,"column":51}},"13":{"start":{"line":25,"column":17},"end":{"line":29,"column":3}},"14":{"start":{"line":26,"column":4},"end":{"line":28,"column":28}},"15":{"start":{"line":31,"column":17},"end":{"line":38,"column":3}},"16":{"start":{"line":32,"column":24},"end":{"line":32,"column":78}},"17":{"start":{"line":33,"column":4},"end":{"line":33,"column":90}},"18":{"start":{"line":33,"column":21},"end":{"line":33,"column":90}},"19":{"start":{"line":35,"column":4},"end":{"line":37,"column":13}},"20":{"start":{"line":40,"column":2},"end":{"line":40,"column":49}}},"fnMap":{"0":{"name":"(anonymous_0)","decl":{"start":{"line":7,"column":17},"end":{"line":7,"column":18}},"loc":{"start":{"line":7,"column":26},"end":{"line":41,"column":1}},"line":7},"1":{"name":"(anonymous_1)","decl":{"start":{"line":8,"column":18},"end":{"line":8,"column":19}},"loc":{"start":{"line":8,"column":30},"end":{"line":10,"column":3}},"line":8},"2":{"name":"(anonymous_2)","decl":{"start":{"line":12,"column":15},"end":{"line":12,"column":16}},"loc":{"start":{"line":12,"column":32},"end":{"line":14,"column":3}},"line":12},"3":{"name":"(anonymous_3)","decl":{"start":{"line":16,"column":15},"end":{"line":16,"column":16}},"loc":{"start":{"line":16,"column":34},"end":{"line":23,"column":3}},"line":16},"4":{"name":"(anonymous_4)","decl":{"start":{"line":25,"column":17},"end":{"line":25,"column":18}},"loc":{"start":{"line":25,"column":34},"end":{"line":29,"column":3}},"line":25},"5":{"name":"(anonymous_5)","decl":{"start":{"line":31,"column":17},"end":{"line":31,"column":18}},"loc":{"start":{"line":31,"column":31},"end":{"line":38,"column":3}},"line":31}},"branchMap":{"0":{"loc":{"start":{"line":12,"column":16},"end":{"line":12,"column":27}},"type":"default-arg","locations":[{"start":{"line":12,"column":25},"end":{"line":12,"column":27}}],"line":12},"1":{"loc":{"start":{"line":17,"column":4},"end":{"line":17,"column":83}},"type":"if","locations":[{"start":{"line":17,"column":4},"end":{"line":17,"column":83}},{"start":{"line":17,"column":4},"end":{"line":17,"column":83}}],"line":17},"2":{"loc":{"start":{"line":20,"column":4},"end":{"line":20,"column":78}},"type":"if","locations":[{"start":{"line":20,"column":4},"end":{"line":20,"column":78}},{"start":{"line":20,"column":4},"end":{"line":20,"column":78}}],"line":20},"3":{"loc":{"start":{"line":33,"column":4},"end":{"line":33,"column":90}},"type":"if","locations":[{"start":{"line":33,"column":4},"end":{"line":33,"column":90}},{"start":{"line":33,"column":4},"end":{"line":33,"column":90}}],"line":33}},"s":{"0":7,"1":7,"2":7,"3":1,"4":7,"5":10,"6":7,"7":3,"8":1,"9":2,"10":2,"11":1,"12":1,"13":7,"14":1,"15":7,"16":2,"17":2,"18":1,"19":1,"20":7},"f":{"0":7,"1":1,"2":10,"3":3,"4":1,"5":2},"b":{"0":[0],"1":[1,2],"2":[1,1],"3":[1,1]},"_coverageSchema":"332fd63041d2c1bcb487cc26dd0d5f7d97098a6c","hash":"ba816f32ecc5dfc33a240febcb4750ddd7537dae"}
,"/home/cmjahu-admin/Área de Trabalho/Documentos/NN.exe/Api_Tdd/src/services/balance.js": {"path":"/home/cmjahu-admin/Área de Trabalho/Documentos/NN.exe/Api_Tdd/src/services/balance.js","statementMap":{"0":{"start":{"line":5,"column":0},"end":{"line":17,"column":1}},"1":{"start":{"line":6,"column":18},"end":{"line":14,"column":2}},"2":{"start":{"line":7,"column":2},"end":{"line":13,"column":21}},"3":{"start":{"line":16,"column":1},"end":{"line":16,"column":20}}},"fnMap":{"0":{"name":"(anonymous_0)","decl":{"start":{"line":5,"column":17},"end":{"line":5,"column":18}},"loc":{"start":{"line":5,"column":26},"end":{"line":17,"column":1}},"line":5},"1":{"name":"(anonymous_1)","decl":{"start":{"line":6,"column":18},"end":{"line":6,"column":19}},"loc":{"start":{"line":6,"column":30},"end":{"line":14,"column":2}},"line":6}},"branchMap":{},"s":{"0":7,"1":7,"2":10,"3":7},"f":{"0":7,"1":10},"b":{},"_coverageSchema":"332fd63041d2c1bcb487cc26dd0d5f7d97098a6c","hash":"8574368064c66ce6651f11f60841405089ad688f"}
,"/home/cmjahu-admin/Área de Trabalho/Documentos/NN.exe/Api_Tdd/src/services/transaction.js": {"path":"/home/cmjahu-admin/Área de Trabalho/Documentos/NN.exe/Api_Tdd/src/services/transaction.js","statementMap":{"0":{"start":{"line":5,"column":24},"end":{"line":5,"column":60}},"1":{"start":{"line":7,"column":0},"end":{"line":55,"column":1}},"2":{"start":{"line":8,"column":14},"end":{"line":14,"column":2}},"3":{"start":{"line":9,"column":2},"end":{"line":13,"column":12}},"4":{"start":{"line":16,"column":17},"end":{"line":20,"column":2}},"5":{"start":{"line":17,"column":2},"end":{"line":19,"column":11}},"6":{"start":{"line":22,"column":14},"end":{"line":39,"column":2}},"7":{"start":{"line":23,"column":2},"end":{"line":23,"column":96}},"8":{"start":{"line":23,"column":32},"end":{"line":23,"column":96}},"9":{"start":{"line":24,"column":2},"end":{"line":24,"column":87}},"10":{"start":{"line":24,"column":27},"end":{"line":24,"column":87}},"11":{"start":{"line":25,"column":2},"end":{"line":25,"column":84}},"12":{"start":{"line":25,"column":25},"end":{"line":25,"column":84}},"13":{"start":{"line":26,"column":2},"end":{"line":26,"column":87}},"14":{"start":{"line":26,"column":27},"end":{"line":26,"column":87}},"15":{"start":{"line":27,"column":2},"end":{"line":27,"column":84}},"16":{"start":{"line":27,"column":25},"end":{"line":27,"column":84}},"17":{"start":{"line":28,"column":2},"end":{"line":28,"column":105}},"18":{"start":{"line":28,"column":63},"end":{"line":28,"column":105}},"19":{"start":{"line":31,"column":25},"end":{"line":31,"column":42}},"20":{"start":{"line":32,"column":2},"end":{"line":35,"column":3}},"21":{"start":{"line":34,"column":3},"end":{"line":34,"column":30}},"22":{"start":{"line":37,"column":2},"end":{"line":38,"column":31}},"23":{"start":{"line":41,"column":16},"end":{"line":45,"column":2}},"24":{"start":{"line":42,"column":2},"end":{"line":44,"column":28}},"25":{"start":{"line":47,"column":16},"end":{"line":51,"column":2}},"26":{"start":{"line":48,"column":2},"end":{"line":50,"column":9}},"27":{"start":{"line":54,"column":1},"end":{"line":54,"column":47}}},"fnMap":{"0":{"name":"(anonymous_0)","decl":{"start":{"line":7,"column":17},"end":{"line":7,"column":18}},"loc":{"start":{"line":7,"column":26},"end":{"line":55,"column":1}},"line":7},"1":{"name":"(anonymous_1)","decl":{"start":{"line":8,"column":14},"end":{"line":8,"column":15}},"loc":{"start":{"line":8,"column":39},"end":{"line":14,"column":2}},"line":8},"2":{"name":"(anonymous_2)","decl":{"start":{"line":16,"column":17},"end":{"line":16,"column":18}},"loc":{"start":{"line":16,"column":29},"end":{"line":20,"column":2}},"line":16},"3":{"name":"(anonymous_3)","decl":{"start":{"line":22,"column":14},"end":{"line":22,"column":15}},"loc":{"start":{"line":22,"column":31},"end":{"line":39,"column":2}},"line":22},"4":{"name":"(anonymous_4)","decl":{"start":{"line":41,"column":16},"end":{"line":41,"column":17}},"loc":{"start":{"line":41,"column":37},"end":{"line":45,"column":2}},"line":41},"5":{"name":"(anonymous_5)","decl":{"start":{"line":47,"column":16},"end":{"line":47,"column":17}},"loc":{"start":{"line":47,"column":24},"end":{"line":51,"column":2}},"line":47}},"branchMap":{"0":{"loc":{"start":{"line":8,"column":23},"end":{"line":8,"column":34}},"type":"default-arg","locations":[{"start":{"line":8,"column":32},"end":{"line":8,"column":34}}],"line":8},"1":{"loc":{"start":{"line":23,"column":2},"end":{"line":23,"column":96}},"type":"if","locations":[{"start":{"line":23,"column":2},"end":{"line":23,"column":96}},{"start":{"line":23,"column":2},"end":{"line":23,"column":96}}],"line":23},"2":{"loc":{"start":{"line":24,"column":2},"end":{"line":24,"column":87}},"type":"if","locations":[{"start":{"line":24,"column":2},"end":{"line":24,"column":87}},{"start":{"line":24,"column":2},"end":{"line":24,"column":87}}],"line":24},"3":{"loc":{"start":{"line":25,"column":2},"end":{"line":25,"column":84}},"type":"if","locations":[{"start":{"line":25,"column":2},"end":{"line":25,"column":84}},{"start":{"line":25,"column":2},"end":{"line":25,"column":84}}],"line":25},"4":{"loc":{"start":{"line":26,"column":2},"end":{"line":26,"column":87}},"type":"if","locations":[{"start":{"line":26,"column":2},"end":{"line":26,"column":87}},{"start":{"line":26,"column":2},"end":{"line":26,"column":87}}],"line":26},"5":{"loc":{"start":{"line":27,"column":2},"end":{"line":27,"column":84}},"type":"if","locations":[{"start":{"line":27,"column":2},"end":{"line":27,"column":84}},{"start":{"line":27,"column":2},"end":{"line":27,"column":84}}],"line":27},"6":{"loc":{"start":{"line":28,"column":2},"end":{"line":28,"column":105}},"type":"if","locations":[{"start":{"line":28,"column":2},"end":{"line":28,"column":105}},{"start":{"line":28,"column":2},"end":{"line":28,"column":105}}],"line":28},"7":{"loc":{"start":{"line":28,"column":8},"end":{"line":28,"column":60}},"type":"binary-expr","locations":[{"start":{"line":28,"column":8},"end":{"line":28,"column":32}},{"start":{"line":28,"column":36},"end":{"line":28,"column":60}}],"line":28},"8":{"loc":{"start":{"line":32,"column":2},"end":{"line":35,"column":3}},"type":"if","locations":[{"start":{"line":32,"column":2},"end":{"line":35,"column":3}},{"start":{"line":32,"column":2},"end":{"line":35,"column":3}}],"line":32},"9":{"loc":{"start":{"line":32,"column":5},"end":{"line":33,"column":59}},"type":"binary-expr","locations":[{"start":{"line":32,"column":6},"end":{"line":32,"column":30}},{"start":{"line":32,"column":34},"end":{"line":32,"column":56}},{"start":{"line":33,"column":8},"end":{"line":33,"column":32}},{"start":{"line":33,"column":36},"end":{"line":33,"column":58}}],"line":32}},"s":{"0":7,"1":7,"2":7,"3":5,"4":7,"5":3,"6":7,"7":16,"8":1,"9":15,"10":1,"11":14,"12":1,"13":13,"14":1,"15":12,"16":1,"17":11,"18":1,"19":10,"20":10,"21":5,"22":10,"23":7,"24":1,"25":7,"26":1,"27":7},"f":{"0":7,"1":5,"2":3,"3":16,"4":1,"5":1},"b":{"0":[1],"1":[1,15],"2":[1,14],"3":[1,13],"4":[1,12],"5":[1,11],"6":[1,10],"7":[11,5],"8":[5,5],"9":[10,6,9,4]},"_coverageSchema":"332fd63041d2c1bcb487cc26dd0d5f7d97098a6c","hash":"7f1a1ce6c3fae39c455d0fd6cccb2a18401eea44"}
,"/home/cmjahu-admin/Área de Trabalho/Documentos/NN.exe/Api_Tdd/src/services/transfer.js": {"path":"/home/cmjahu-admin/Área de Trabalho/Documentos/NN.exe/Api_Tdd/src/services/transfer.js","statementMap":{"0":{"start":{"line":5,"column":24},"end":{"line":5,"column":60}},"1":{"start":{"line":9,"column":0},"end":{"line":70,"column":1}},"2":{"start":{"line":10,"column":14},"end":{"line":14,"column":2}},"3":{"start":{"line":11,"column":2},"end":{"line":13,"column":12}},"4":{"start":{"line":16,"column":17},"end":{"line":20,"column":2}},"5":{"start":{"line":17,"column":2},"end":{"line":19,"column":11}},"6":{"start":{"line":22,"column":18},"end":{"line":34,"column":2}},"7":{"start":{"line":23,"column":2},"end":{"line":23,"column":93}},"8":{"start":{"line":23,"column":29},"end":{"line":23,"column":93}},"9":{"start":{"line":24,"column":2},"end":{"line":24,"column":84}},"10":{"start":{"line":24,"column":24},"end":{"line":24,"column":84}},"11":{"start":{"line":25,"column":2},"end":{"line":25,"column":81}},"12":{"start":{"line":25,"column":22},"end":{"line":25,"column":81}},"13":{"start":{"line":26,"column":2},"end":{"line":26,"column":98}},"14":{"start":{"line":26,"column":28},"end":{"line":26,"column":98}},"15":{"start":{"line":27,"column":2},"end":{"line":27,"column":100}},"16":{"start":{"line":27,"column":29},"end":{"line":27,"column":100}},"17":{"start":{"line":28,"column":2},"end":{"line":28,"column":134}},"18":{"start":{"line":28,"column":52},"end":{"line":28,"column":134}},"19":{"start":{"line":30,"column":19},"end":{"line":30,"column":102}},"20":{"start":{"line":31,"column":2},"end":{"line":33,"column":4}},"21":{"start":{"line":32,"column":3},"end":{"line":32,"column":124}},"22":{"start":{"line":32,"column":55},"end":{"line":32,"column":124}},"23":{"start":{"line":36,"column":14},"end":{"line":47,"column":2}},"24":{"start":{"line":37,"column":17},"end":{"line":37,"column":64}},"25":{"start":{"line":38,"column":21},"end":{"line":38,"column":33}},"26":{"start":{"line":40,"column":23},"end":{"line":43,"column":3}},"27":{"start":{"line":45,"column":2},"end":{"line":45,"column":51}},"28":{"start":{"line":46,"column":2},"end":{"line":46,"column":15}},"29":{"start":{"line":49,"column":16},"end":{"line":62,"column":2}},"30":{"start":{"line":50,"column":17},"end":{"line":52,"column":25}},"31":{"start":{"line":54,"column":23},"end":{"line":57,"column":3}},"32":{"start":{"line":59,"column":2},"end":{"line":59,"column":63}},"33":{"start":{"line":60,"column":2},"end":{"line":60,"column":51}},"34":{"start":{"line":61,"column":2},"end":{"line":61,"column":15}},"35":{"start":{"line":64,"column":16},"end":{"line":67,"column":2}},"36":{"start":{"line":65,"column":2},"end":{"line":65,"column":63}},"37":{"start":{"line":66,"column":2},"end":{"line":66,"column":48}},"38":{"start":{"line":69,"column":1},"end":{"line":69,"column":57}}},"fnMap":{"0":{"name":"(anonymous_0)","decl":{"start":{"line":9,"column":17},"end":{"line":9,"column":18}},"loc":{"start":{"line":9,"column":26},"end":{"line":70,"column":1}},"line":9},"1":{"name":"(anonymous_1)","decl":{"start":{"line":10,"column":14},"end":{"line":10,"column":15}},"loc":{"start":{"line":10,"column":31},"end":{"line":14,"column":2}},"line":10},"2":{"name":"(anonymous_2)","decl":{"start":{"line":16,"column":17},"end":{"line":16,"column":18}},"loc":{"start":{"line":16,"column":34},"end":{"line":20,"column":2}},"line":16},"3":{"name":"(anonymous_3)","decl":{"start":{"line":22,"column":18},"end":{"line":22,"column":19}},"loc":{"start":{"line":22,"column":38},"end":{"line":34,"column":2}},"line":22},"4":{"name":"(anonymous_4)","decl":{"start":{"line":31,"column":19},"end":{"line":31,"column":20}},"loc":{"start":{"line":31,"column":28},"end":{"line":33,"column":3}},"line":31},"5":{"name":"(anonymous_5)","decl":{"start":{"line":36,"column":14},"end":{"line":36,"column":15}},"loc":{"start":{"line":36,"column":34},"end":{"line":47,"column":2}},"line":36},"6":{"name":"(anonymous_6)","decl":{"start":{"line":49,"column":16},"end":{"line":49,"column":17}},"loc":{"start":{"line":49,"column":40},"end":{"line":62,"column":2}},"line":49},"7":{"name":"(anonymous_7)","decl":{"start":{"line":64,"column":16},"end":{"line":64,"column":17}},"loc":{"start":{"line":64,"column":30},"end":{"line":67,"column":2}},"line":64}},"branchMap":{"0":{"loc":{"start":{"line":10,"column":15},"end":{"line":10,"column":26}},"type":"default-arg","locations":[{"start":{"line":10,"column":24},"end":{"line":10,"column":26}}],"line":10},"1":{"loc":{"start":{"line":16,"column":18},"end":{"line":16,"column":29}},"type":"default-arg","locations":[{"start":{"line":16,"column":27},"end":{"line":16,"column":29}}],"line":16},"2":{"loc":{"start":{"line":23,"column":2},"end":{"line":23,"column":93}},"type":"if","locations":[{"start":{"line":23,"column":2},"end":{"line":23,"column":93}},{"start":{"line":23,"column":2},"end":{"line":23,"column":93}}],"line":23},"3":{"loc":{"start":{"line":24,"column":2},"end":{"line":24,"column":84}},"type":"if","locations":[{"start":{"line":24,"column":2},"end":{"line":24,"column":84}},{"start":{"line":24,"column":2},"end":{"line":24,"column":84}}],"line":24},"4":{"loc":{"start":{"line":25,"column":2},"end":{"line":25,"column":81}},"type":"if","locations":[{"start":{"line":25,"column":2},"end":{"line":25,"column":81}},{"start":{"line":25,"column":2},"end":{"line":25,"column":81}}],"line":25},"5":{"loc":{"start":{"line":26,"column":2},"end":{"line":26,"column":98}},"type":"if","locations":[{"start":{"line":26,"column":2},"end":{"line":26,"column":98}},{"start":{"line":26,"column":2},"end":{"line":26,"column":98}}],"line":26},"6":{"loc":{"start":{"line":27,"column":2},"end":{"line":27,"column":100}},"type":"if","locations":[{"start":{"line":27,"column":2},"end":{"line":27,"column":100}},{"start":{"line":27,"column":2},"end":{"line":27,"column":100}}],"line":27},"7":{"loc":{"start":{"line":28,"column":2},"end":{"line":28,"column":134}},"type":"if","locations":[{"start":{"line":28,"column":2},"end":{"line":28,"column":134}},{"start":{"line":28,"column":2},"end":{"line":28,"column":134}}],"line":28},"8":{"loc":{"start":{"line":32,"column":3},"end":{"line":32,"column":124}},"type":"if","locations":[{"start":{"line":32,"column":3},"end":{"line":32,"column":124}},{"start":{"line":32,"column":3},"end":{"line":32,"column":124}}],"line":32}},"s":{"0":7,"1":7,"2":7,"3":1,"4":7,"5":12,"6":7,"7":18,"8":2,"9":16,"10":2,"11":14,"12":2,"13":12,"14":2,"15":10,"16":2,"17":8,"18":2,"19":6,"20":6,"21":12,"22":2,"23":7,"24":3,"25":3,"26":3,"27":3,"28":3,"29":7,"30":1,"31":1,"32":1,"33":1,"34":1,"35":7,"36":1,"37":1,"38":7},"f":{"0":7,"1":1,"2":12,"3":18,"4":12,"5":3,"6":1,"7":1},"b":{"0":[0],"1":[0],"2":[2,16],"3":[2,14],"4":[2,12],"5":[2,10],"6":[2,8],"7":[2,6],"8":[2,10]},"_coverageSchema":"332fd63041d2c1bcb487cc26dd0d5f7d97098a6c","hash":"d8814bea11a6973b9c5daf801e0367838526d32e"}
,"/home/cmjahu-admin/Área de Trabalho/Documentos/NN.exe/Api_Tdd/src/services/user.js": {"path":"/home/cmjahu-admin/Área de Trabalho/Documentos/NN.exe/Api_Tdd/src/services/user.js","statementMap":{"0":{"start":{"line":5,"column":15},"end":{"line":5,"column":39}},"1":{"start":{"line":6,"column":24},"end":{"line":6,"column":60}},"2":{"start":{"line":8,"column":0},"end":{"line":36,"column":2}},"3":{"start":{"line":9,"column":18},"end":{"line":11,"column":3}},"4":{"start":{"line":10,"column":4},"end":{"line":10,"column":58}},"5":{"start":{"line":13,"column":18},"end":{"line":15,"column":3}},"6":{"start":{"line":14,"column":4},"end":{"line":14,"column":49}},"7":{"start":{"line":17,"column":24},"end":{"line":20,"column":3}},"8":{"start":{"line":18,"column":17},"end":{"line":18,"column":39}},"9":{"start":{"line":19,"column":4},"end":{"line":19,"column":41}},"10":{"start":{"line":22,"column":15},"end":{"line":33,"column":3}},"11":{"start":{"line":23,"column":4},"end":{"line":23,"column":80}},"12":{"start":{"line":23,"column":20},"end":{"line":23,"column":80}},"13":{"start":{"line":24,"column":4},"end":{"line":24,"column":81}},"14":{"start":{"line":24,"column":20},"end":{"line":24,"column":81}},"15":{"start":{"line":25,"column":4},"end":{"line":25,"column":83}},"16":{"start":{"line":25,"column":22},"end":{"line":25,"column":83}},"17":{"start":{"line":27,"column":19},"end":{"line":27,"column":53}},"18":{"start":{"line":28,"column":4},"end":{"line":28,"column":81}},"19":{"start":{"line":28,"column":16},"end":{"line":28,"column":81}},"20":{"start":{"line":30,"column":20},"end":{"line":30,"column":31}},"21":{"start":{"line":31,"column":4},"end":{"line":31,"column":48}},"22":{"start":{"line":32,"column":4},"end":{"line":32,"column":67}},"23":{"start":{"line":35,"column":2},"end":{"line":35,"column":36}}},"fnMap":{"0":{"name":"(anonymous_0)","decl":{"start":{"line":8,"column":17},"end":{"line":8,"column":18}},"loc":{"start":{"line":8,"column":26},"end":{"line":36,"column":1}},"line":8},"1":{"name":"(anonymous_1)","decl":{"start":{"line":9,"column":18},"end":{"line":9,"column":19}},"loc":{"start":{"line":9,"column":24},"end":{"line":11,"column":3}},"line":9},"2":{"name":"(anonymous_2)","decl":{"start":{"line":13,"column":18},"end":{"line":13,"column":19}},"loc":{"start":{"line":13,"column":35},"end":{"line":15,"column":3}},"line":13},"3":{"name":"(anonymous_3)","decl":{"start":{"line":17,"column":24},"end":{"line":17,"column":25}},"loc":{"start":{"line":17,"column":36},"end":{"line":20,"column":3}},"line":17},"4":{"name":"(anonymous_4)","decl":{"start":{"line":22,"column":15},"end":{"line":22,"column":16}},"loc":{"start":{"line":22,"column":31},"end":{"line":33,"column":3}},"line":22}},"branchMap":{"0":{"loc":{"start":{"line":13,"column":19},"end":{"line":13,"column":30}},"type":"default-arg","locations":[{"start":{"line":13,"column":28},"end":{"line":13,"column":30}}],"line":13},"1":{"loc":{"start":{"line":23,"column":4},"end":{"line":23,"column":80}},"type":"if","locations":[{"start":{"line":23,"column":4},"end":{"line":23,"column":80}},{"start":{"line":23,"column":4},"end":{"line":23,"column":80}}],"line":23},"2":{"loc":{"start":{"line":24,"column":4},"end":{"line":24,"column":81}},"type":"if","locations":[{"start":{"line":24,"column":4},"end":{"line":24,"column":81}},{"start":{"line":24,"column":4},"end":{"line":24,"column":81}}],"line":24},"3":{"loc":{"start":{"line":25,"column":4},"end":{"line":25,"column":83}},"type":"if","locations":[{"start":{"line":25,"column":4},"end":{"line":25,"column":83}},{"start":{"line":25,"column":4},"end":{"line":25,"column":83}}],"line":25},"4":{"loc":{"start":{"line":28,"column":4},"end":{"line":28,"column":81}},"type":"if","locations":[{"start":{"line":28,"column":4},"end":{"line":28,"column":81}},{"start":{"line":28,"column":4},"end":{"line":28,"column":81}}],"line":28}},"s":{"0":7,"1":7,"2":7,"3":7,"4":1,"5":7,"6":84,"7":7,"8":8,"9":8,"10":7,"11":12,"12":1,"13":11,"14":1,"15":10,"16":1,"17":9,"18":9,"19":1,"20":8,"21":8,"22":8,"23":7},"f":{"0":7,"1":1,"2":84,"3":8,"4":12},"b":{"0":[0],"1":[1,11],"2":[1,10],"3":[1,9],"4":[1,8]},"_coverageSchema":"332fd63041d2c1bcb487cc26dd0d5f7d97098a6c","hash":"2f4ee543d3fb27f04fd916c76f2511866c21278d"}
}
