TN:
SF:/home/cmjahu-admin/Área de Trabalho/Documentos/NN.exe/Api_Tdd/knexfile.js
FNF:0
FNH:0
DA:5,7
LF:1
LH:1
BRF:0
BRH:0
end_of_record
TN:
SF:/home/cmjahu-admin/Área de Trabalho/Documentos/NN.exe/Api_Tdd/src/app.js
FN:24,(anonymous_0)
FN:28,(anonymous_1)
FNF:2
FNH:2
FNDA:1,(anonymous_0)
FNDA:34,(anonymous_1)
DA:8,7
DA:9,7
DA:10,7
DA:11,7
DA:14,7
DA:16,7
DA:24,7
DA:25,1
DA:28,7
DA:29,34
DA:30,34
DA:31,5
DA:33,0
DA:34,0
DA:36,34
DA:45,7
LF:16
LH:14
BRDA:30,0,0,29
BRDA:30,0,1,5
BRDA:31,1,0,5
BRDA:31,1,1,0
BRF:4
BRH:3
end_of_record
TN:
SF:/home/cmjahu-admin/Área de Trabalho/Documentos/NN.exe/Api_Tdd/src/config/middlewares.js
FN:9,(anonymous_0)
FNF:1
FNH:1
FNDA:7,(anonymous_0)
DA:5,7
DA:9,7
DA:10,7
LF:3
LH:3
BRF:0
BRH:0
end_of_record
TN:
SF:/home/cmjahu-admin/Área de Trabalho/Documentos/NN.exe/Api_Tdd/src/config/passport.js
FN:12,(anonymous_0)
FN:18,(anonymous_1)
FN:20,(anonymous_2)
FN:23,(anonymous_3)
FN:29,(anonymous_4)
FNF:5
FNH:4
FNDA:7,(anonymous_0)
FNDA:71,(anonymous_1)
FNDA:71,(anonymous_2)
FNDA:0,(anonymous_3)
FNDA:7,(anonymous_4)
DA:5,7
DA:6,7
DA:8,7
DA:10,7
DA:12,7
DA:13,7
DA:18,7
DA:19,71
DA:21,71
DA:22,0
DA:23,0
DA:26,7
DA:28,7
DA:29,7
LF:14
LH:12
BRDA:21,0,0,71
BRDA:21,0,1,0
BRF:2
BRH:1
end_of_record
TN:
SF:/home/cmjahu-admin/Área de Trabalho/Documentos/NN.exe/Api_Tdd/src/config/router.js
FN:7,(anonymous_0)
FNF:1
FNH:1
FNDA:7,(anonymous_0)
DA:5,7
DA:7,7
DA:8,7
DA:9,7
DA:11,7
DA:12,7
DA:13,7
DA:14,7
DA:15,7
DA:17,7
LF:10
LH:10
BRF:0
BRH:0
end_of_record
TN:
SF:/home/cmjahu-admin/Área de Trabalho/Documentos/NN.exe/Api_Tdd/src/errors/RecursoIndevidoError.js
FN:6,RecursoIndevidoError
FNF:1
FNH:1
FNDA:5,RecursoIndevidoError
DA:6,7
DA:7,5
DA:8,5
LF:3
LH:3
BRDA:6,0,0,5
BRF:1
BRH:1
end_of_record
TN:
SF:/home/cmjahu-admin/Área de Trabalho/Documentos/NN.exe/Api_Tdd/src/errors/ValidationError.js
FN:5,ValidationError
FNF:1
FNH:1
FNDA:29,ValidationError
DA:5,7
DA:6,29
DA:7,29
LF:3
LH:3
BRF:0
BRH:0
end_of_record
TN:
SF:/home/cmjahu-admin/Área de Trabalho/Documentos/NN.exe/Api_Tdd/src/migrations/20221214104315_create_users.js
FN:6,(anonymous_0)
FN:7,(anonymous_1)
FN:15,(anonymous_2)
FNF:3
FNH:3
FNDA:1,(anonymous_0)
FNDA:1,(anonymous_1)
FNDA:1,(anonymous_2)
DA:6,1
DA:7,1
DA:8,1
DA:9,1
DA:10,1
DA:11,1
DA:15,1
DA:16,1
LF:8
LH:8
BRF:0
BRH:0
end_of_record
TN:
SF:/home/cmjahu-admin/Área de Trabalho/Documentos/NN.exe/Api_Tdd/src/migrations/20221216103017_create_table_accounts.js
FN:6,(anonymous_0)
FN:7,(anonymous_1)
FN:17,(anonymous_2)
FNF:3
FNH:3
FNDA:1,(anonymous_0)
FNDA:1,(anonymous_1)
FNDA:1,(anonymous_2)
DA:6,1
DA:7,1
DA:8,1
DA:9,1
DA:10,1
DA:17,1
DA:18,1
LF:7
LH:7
BRF:0
BRH:0
end_of_record
TN:
SF:/home/cmjahu-admin/Área de Trabalho/Documentos/NN.exe/Api_Tdd/src/migrations/20221221104706_create_table_transactions.js
FN:3,(anonymous_0)
FN:4,(anonymous_1)
FN:18,(anonymous_2)
FNF:3
FNH:3
FNDA:1,(anonymous_0)
FNDA:1,(anonymous_1)
FNDA:1,(anonymous_2)
DA:3,1
DA:4,1
DA:5,1
DA:6,1
DA:7,1
DA:8,1
DA:9,1
DA:10,1
DA:11,1
DA:18,1
DA:19,1
LF:11
LH:11
BRF:0
BRH:0
end_of_record
TN:
SF:/home/cmjahu-admin/Área de Trabalho/Documentos/NN.exe/Api_Tdd/src/migrations/20221222125337_create_table_transfers.js
FN:3,(anonymous_0)
FN:5,(anonymous_1)
FN:23,(anonymous_2)
FN:31,(anonymous_3)
FN:33,(anonymous_4)
FNF:5
FNH:5
FNDA:1,(anonymous_0)
FNDA:1,(anonymous_1)
FNDA:1,(anonymous_2)
FNDA:1,(anonymous_3)
FNDA:1,(anonymous_4)
DA:3,1
DA:4,1
DA:6,1
DA:7,1
DA:8,1
DA:9,1
DA:10,1
DA:14,1
DA:18,1
DA:24,1
DA:31,1
DA:32,1
DA:34,1
LF:13
LH:13
BRF:0
BRH:0
end_of_record
TN:
SF:/home/cmjahu-admin/Área de Trabalho/Documentos/NN.exe/Api_Tdd/src/routes/accounts.js
FN:8,(anonymous_0)
FN:11,(anonymous_1)
FN:13,(anonymous_2)
FN:16,(anonymous_3)
FN:19,(anonymous_4)
FN:21,(anonymous_5)
FN:23,(anonymous_6)
FN:26,(anonymous_7)
FN:28,(anonymous_8)
FN:29,(anonymous_9)
FN:32,(anonymous_10)
FN:34,(anonymous_11)
FN:35,(anonymous_12)
FN:38,(anonymous_13)
FN:40,(anonymous_14)
FN:41,(anonymous_15)
FN:44,(anonymous_16)
FN:46,(anonymous_17)
FN:47,(anonymous_18)
FNF:19
FNH:16
FNDA:7,(anonymous_0)
FNDA:7,(anonymous_1)
FNDA:7,(anonymous_2)
FNDA:3,(anonymous_3)
FNDA:3,(anonymous_4)
FNDA:1,(anonymous_5)
FNDA:2,(anonymous_6)
FNDA:1,(anonymous_7)
FNDA:1,(anonymous_8)
FNDA:0,(anonymous_9)
FNDA:1,(anonymous_10)
FNDA:1,(anonymous_11)
FNDA:0,(anonymous_12)
FNDA:1,(anonymous_13)
FNDA:1,(anonymous_14)
FNDA:0,(anonymous_15)
FNDA:2,(anonymous_16)
FNDA:1,(anonymous_17)
FNDA:1,(anonymous_18)
DA:4,7
DA:6,7
DA:8,7
DA:9,7
DA:11,7
DA:12,7
DA:14,7
DA:15,4
DA:16,3
DA:19,7
DA:20,3
DA:22,1
DA:23,2
DA:26,7
DA:27,1
DA:28,1
DA:29,0
DA:32,7
DA:33,1
DA:34,1
DA:35,0
DA:38,7
DA:39,1
DA:40,1
DA:41,0
DA:44,7
DA:45,2
DA:46,1
DA:47,1
DA:50,7
LF:30
LH:27
BRDA:14,0,0,3
BRDA:14,0,1,4
BRF:2
BRH:2
end_of_record
TN:
SF:/home/cmjahu-admin/Área de Trabalho/Documentos/NN.exe/Api_Tdd/src/routes/auth.js
FN:12,(anonymous_0)
FN:15,(anonymous_1)
FN:17,(anonymous_2)
FN:28,(anonymous_3)
FN:31,(anonymous_4)
FNF:5
FNH:5
FNDA:7,(anonymous_0)
FNDA:3,(anonymous_1)
FNDA:3,(anonymous_2)
FNDA:2,(anonymous_3)
FNDA:1,(anonymous_4)
DA:5,7
DA:6,7
DA:7,7
DA:8,7
DA:10,7
DA:12,7
DA:13,7
DA:15,7
DA:16,3
DA:18,3
DA:19,2
DA:20,1
DA:25,1
DA:26,1
DA:27,1
DA:28,2
DA:31,7
DA:32,1
DA:33,1
DA:34,1
DA:36,0
DA:40,7
LF:22
LH:21
BRDA:18,0,0,1
BRDA:18,0,1,2
BRDA:19,1,0,1
BRDA:19,1,1,1
BRF:4
BRH:4
end_of_record
TN:
SF:/home/cmjahu-admin/Área de Trabalho/Documentos/NN.exe/Api_Tdd/src/routes/balance.js
FN:7,(anonymous_0)
FN:10,(anonymous_1)
FN:12,(anonymous_2)
FN:13,(anonymous_3)
FNF:4
FNH:3
FNDA:7,(anonymous_0)
FNDA:10,(anonymous_1)
FNDA:10,(anonymous_2)
FNDA:0,(anonymous_3)
DA:5,7
DA:7,7
DA:8,7
DA:10,7
DA:11,10
DA:12,10
DA:13,0
DA:16,7
LF:8
LH:7
BRF:0
BRH:0
end_of_record
TN:
SF:/home/cmjahu-admin/Área de Trabalho/Documentos/NN.exe/Api_Tdd/src/routes/transactions.js
FN:9,(anonymous_0)
FN:12,(anonymous_1)
FN:14,(anonymous_2)
FN:17,(anonymous_3)
FN:20,(anonymous_4)
FN:22,(anonymous_5)
FN:23,(anonymous_6)
FN:26,(anonymous_7)
FN:28,(anonymous_8)
FN:29,(anonymous_9)
FN:32,(anonymous_10)
FN:34,(anonymous_11)
FN:35,(anonymous_12)
FN:38,(anonymous_13)
FN:40,(anonymous_14)
FN:41,(anonymous_15)
FN:44,(anonymous_16)
FN:46,(anonymous_17)
FN:47,(anonymous_18)
FNF:19
FNH:14
FNDA:7,(anonymous_0)
FNDA:4,(anonymous_1)
FNDA:4,(anonymous_2)
FNDA:1,(anonymous_3)
FNDA:1,(anonymous_4)
FNDA:1,(anonymous_5)
FNDA:0,(anonymous_6)
FNDA:16,(anonymous_7)
FNDA:10,(anonymous_8)
FNDA:0,(anonymous_9)
FNDA:1,(anonymous_10)
FNDA:1,(anonymous_11)
FNDA:0,(anonymous_12)
FNDA:1,(anonymous_13)
FNDA:1,(anonymous_14)
FNDA:0,(anonymous_15)
FNDA:1,(anonymous_16)
FNDA:1,(anonymous_17)
FNDA:0,(anonymous_18)
DA:6,7
DA:7,7
DA:9,7
DA:10,7
DA:12,7
DA:13,4
DA:15,4
DA:16,1
DA:17,1
DA:20,7
DA:21,1
DA:22,1
DA:23,0
DA:26,7
DA:27,16
DA:28,10
DA:29,0
DA:32,7
DA:33,1
DA:34,1
DA:35,0
DA:38,7
DA:39,1
DA:40,1
DA:41,0
DA:44,7
DA:45,1
DA:46,1
DA:47,0
DA:50,7
LF:30
LH:25
BRDA:15,0,0,3
BRDA:15,0,1,1
BRF:2
BRH:2
end_of_record
TN:
SF:/home/cmjahu-admin/Área de Trabalho/Documentos/NN.exe/Api_Tdd/src/routes/transfers.js
FN:8,(anonymous_0)
FN:11,(anonymous_1)
FN:13,(anonymous_2)
FN:16,(anonymous_3)
FN:19,(anonymous_4)
FN:21,(anonymous_5)
FN:22,(anonymous_6)
FN:25,(anonymous_7)
FN:27,(anonymous_8)
FN:28,(anonymous_9)
FN:31,(anonymous_10)
FN:34,(anonymous_11)
FN:35,(anonymous_12)
FN:38,(anonymous_13)
FN:40,(anonymous_14)
FN:41,(anonymous_15)
FN:44,(anonymous_16)
FN:46,(anonymous_17)
FN:47,(anonymous_18)
FN:50,(anonymous_19)
FN:52,(anonymous_20)
FN:53,(anonymous_21)
FNF:22
FNH:17
FNDA:7,(anonymous_0)
FNDA:11,(anonymous_1)
FNDA:11,(anonymous_2)
FNDA:1,(anonymous_3)
FNDA:18,(anonymous_4)
FNDA:4,(anonymous_5)
FNDA:14,(anonymous_6)
FNDA:1,(anonymous_7)
FNDA:1,(anonymous_8)
FNDA:0,(anonymous_9)
FNDA:3,(anonymous_10)
FNDA:3,(anonymous_11)
FNDA:0,(anonymous_12)
FNDA:1,(anonymous_13)
FNDA:1,(anonymous_14)
FNDA:0,(anonymous_15)
FNDA:1,(anonymous_16)
FNDA:1,(anonymous_17)
FNDA:0,(anonymous_18)
FNDA:1,(anonymous_19)
FNDA:1,(anonymous_20)
FNDA:0,(anonymous_21)
DA:5,7
DA:6,7
DA:8,7
DA:9,7
DA:11,7
DA:12,11
DA:14,11
DA:15,10
DA:16,1
DA:19,7
DA:20,18
DA:21,4
DA:22,14
DA:25,7
DA:26,1
DA:27,1
DA:28,0
DA:31,7
DA:32,3
DA:33,3
DA:34,3
DA:35,0
DA:38,7
DA:39,1
DA:40,1
DA:41,0
DA:44,7
DA:45,1
DA:46,1
DA:47,0
DA:50,7
DA:51,1
DA:52,1
DA:53,0
DA:56,7
LF:35
LH:30
BRDA:14,0,0,1
BRDA:14,0,1,10
BRF:2
BRH:2
end_of_record
TN:
SF:/home/cmjahu-admin/Área de Trabalho/Documentos/NN.exe/Api_Tdd/src/routes/users.js
FN:8,(anonymous_0)
FN:11,(anonymous_1)
FN:13,(anonymous_2)
FN:14,(anonymous_3)
FN:17,(anonymous_4)
FNF:5
FNH:4
FNDA:7,(anonymous_0)
FNDA:1,(anonymous_1)
FNDA:1,(anonymous_2)
FNDA:0,(anonymous_3)
FNDA:6,(anonymous_4)
DA:6,7
DA:8,7
DA:9,7
DA:11,7
DA:12,1
DA:13,1
DA:14,0
DA:17,7
DA:18,6
DA:19,6
DA:20,2
DA:22,4
DA:26,7
LF:13
LH:12
BRF:0
BRH:0
end_of_record
TN:
SF:/home/cmjahu-admin/Área de Trabalho/Documentos/NN.exe/Api_Tdd/src/seeds/01_transfer.js
FN:3,(anonymous_0)
FN:5,(anonymous_1)
FN:6,(anonymous_2)
FN:7,(anonymous_3)
FN:8,(anonymous_4)
FN:12,(anonymous_5)
FN:18,(anonymous_6)
FN:22,(anonymous_7)
FNF:8
FNH:8
FNDA:2,(anonymous_0)
FNDA:2,(anonymous_1)
FNDA:2,(anonymous_2)
FNDA:2,(anonymous_3)
FNDA:2,(anonymous_4)
FNDA:2,(anonymous_5)
FNDA:2,(anonymous_6)
FNDA:2,(anonymous_7)
DA:3,2
DA:4,2
DA:5,2
DA:6,2
DA:7,2
DA:8,2
DA:12,2
DA:18,2
DA:22,2
LF:9
LH:9
BRF:0
BRH:0
end_of_record
TN:
SF:/home/cmjahu-admin/Área de Trabalho/Documentos/NN.exe/Api_Tdd/src/seeds/02_balance.js
FN:5,(anonymous_0)
FN:11,(anonymous_1)
FN:19,(anonymous_2)
FN:23,(anonymous_3)
FNF:4
FNH:4
FNDA:2,(anonymous_0)
FNDA:2,(anonymous_1)
FNDA:2,(anonymous_2)
FNDA:2,(anonymous_3)
DA:2,2
DA:5,2
DA:6,2
DA:11,2
DA:19,2
DA:23,2
LF:6
LH:6
BRF:0
BRH:0
end_of_record
TN:
SF:/home/cmjahu-admin/Área de Trabalho/Documentos/NN.exe/Api_Tdd/src/services/account.js
FN:7,(anonymous_0)
FN:8,(anonymous_1)
FN:12,(anonymous_2)
FN:16,(anonymous_3)
FN:25,(anonymous_4)
FN:31,(anonymous_5)
FNF:6
FNH:6
FNDA:7,(anonymous_0)
FNDA:1,(anonymous_1)
FNDA:10,(anonymous_2)
FNDA:3,(anonymous_3)
FNDA:1,(anonymous_4)
FNDA:2,(anonymous_5)
DA:5,7
DA:7,7
DA:8,7
DA:9,1
DA:12,7
DA:13,10
DA:16,7
DA:17,3
DA:19,2
DA:20,2
DA:22,1
DA:25,7
DA:26,1
DA:31,7
DA:32,2
DA:33,2
DA:35,1
DA:40,7
LF:18
LH:18
BRDA:12,0,0,0
BRDA:17,1,0,1
BRDA:17,1,1,2
BRDA:20,2,0,1
BRDA:20,2,1,1
BRDA:33,3,0,1
BRDA:33,3,1,1
BRF:7
BRH:6
end_of_record
TN:
SF:/home/cmjahu-admin/Área de Trabalho/Documentos/NN.exe/Api_Tdd/src/services/balance.js
FN:5,(anonymous_0)
FN:6,(anonymous_1)
FNF:2
FNH:2
FNDA:7,(anonymous_0)
FNDA:10,(anonymous_1)
DA:5,7
DA:6,7
DA:7,10
DA:16,7
LF:4
LH:4
BRF:0
BRH:0
end_of_record
TN:
SF:/home/cmjahu-admin/Área de Trabalho/Documentos/NN.exe/Api_Tdd/src/services/transaction.js
FN:7,(anonymous_0)
FN:8,(anonymous_1)
FN:16,(anonymous_2)
FN:22,(anonymous_3)
FN:41,(anonymous_4)
FN:47,(anonymous_5)
FNF:6
FNH:6
FNDA:7,(anonymous_0)
FNDA:5,(anonymous_1)
FNDA:3,(anonymous_2)
FNDA:16,(anonymous_3)
FNDA:1,(anonymous_4)
FNDA:1,(anonymous_5)
DA:5,7
DA:7,7
DA:8,7
DA:9,5
DA:16,7
DA:17,3
DA:22,7
DA:23,16
DA:24,15
DA:25,14
DA:26,13
DA:27,12
DA:28,11
DA:31,10
DA:32,10
DA:34,5
DA:37,10
DA:41,7
DA:42,1
DA:47,7
DA:48,1
DA:54,7
LF:22
LH:22
BRDA:8,0,0,1
BRDA:23,1,0,1
BRDA:23,1,1,15
BRDA:24,2,0,1
BRDA:24,2,1,14
BRDA:25,3,0,1
BRDA:25,3,1,13
BRDA:26,4,0,1
BRDA:26,4,1,12
BRDA:27,5,0,1
BRDA:27,5,1,11
BRDA:28,6,0,1
BRDA:28,6,1,10
BRDA:28,7,0,11
BRDA:28,7,1,5
BRDA:32,8,0,5
BRDA:32,8,1,5
BRDA:32,9,0,10
BRDA:32,9,1,6
BRDA:32,9,2,9
BRDA:32,9,3,4
BRF:21
BRH:21
end_of_record
TN:
SF:/home/cmjahu-admin/Área de Trabalho/Documentos/NN.exe/Api_Tdd/src/services/transfer.js
FN:9,(anonymous_0)
FN:10,(anonymous_1)
FN:16,(anonymous_2)
FN:22,(anonymous_3)
FN:31,(anonymous_4)
FN:36,(anonymous_5)
FN:49,(anonymous_6)
FN:64,(anonymous_7)
FNF:8
FNH:8
FNDA:7,(anonymous_0)
FNDA:1,(anonymous_1)
FNDA:12,(anonymous_2)
FNDA:18,(anonymous_3)
FNDA:12,(anonymous_4)
FNDA:3,(anonymous_5)
FNDA:1,(anonymous_6)
FNDA:1,(anonymous_7)
DA:5,7
DA:9,7
DA:10,7
DA:11,1
DA:16,7
DA:17,12
DA:22,7
DA:23,18
DA:24,16
DA:25,14
DA:26,12
DA:27,10
DA:28,8
DA:30,6
DA:31,6
DA:32,12
DA:36,7
DA:37,3
DA:38,3
DA:40,3
DA:45,3
DA:46,3
DA:49,7
DA:50,1
DA:54,1
DA:59,1
DA:60,1
DA:61,1
DA:64,7
DA:65,1
DA:66,1
DA:69,7
LF:32
LH:32
BRDA:10,0,0,0
BRDA:16,1,0,0
BRDA:23,2,0,2
BRDA:23,2,1,16
BRDA:24,3,0,2
BRDA:24,3,1,14
BRDA:25,4,0,2
BRDA:25,4,1,12
BRDA:26,5,0,2
BRDA:26,5,1,10
BRDA:27,6,0,2
BRDA:27,6,1,8
BRDA:28,7,0,2
BRDA:28,7,1,6
BRDA:32,8,0,2
BRDA:32,8,1,10
BRF:16
BRH:14
end_of_record
TN:
SF:/home/cmjahu-admin/Área de Trabalho/Documentos/NN.exe/Api_Tdd/src/services/user.js
FN:8,(anonymous_0)
FN:9,(anonymous_1)
FN:13,(anonymous_2)
FN:17,(anonymous_3)
FN:22,(anonymous_4)
FNF:5
FNH:5
FNDA:7,(anonymous_0)
FNDA:1,(anonymous_1)
FNDA:84,(anonymous_2)
FNDA:8,(anonymous_3)
FNDA:12,(anonymous_4)
DA:5,7
DA:6,7
DA:8,7
DA:9,7
DA:10,1
DA:13,7
DA:14,84
DA:17,7
DA:18,8
DA:19,8
DA:22,7
DA:23,12
DA:24,11
DA:25,10
DA:27,9
DA:28,9
DA:30,8
DA:31,8
DA:32,8
DA:35,7
LF:20
LH:20
BRDA:13,0,0,0
BRDA:23,1,0,1
BRDA:23,1,1,11
BRDA:24,2,0,1
BRDA:24,2,1,10
BRDA:25,3,0,1
BRDA:25,3,1,9
BRDA:28,4,0,1
BRDA:28,4,1,8
BRF:9
BRH:8
end_of_record
